{"/home/travis/build/npmtest/node-npmtest-smartcrop/test.js":{"path":"/home/travis/build/npmtest/node-npmtest-smartcrop/test.js","s":{"1":2,"2":2,"3":2,"4":2,"5":2,"6":2,"7":2,"8":1,"9":2,"10":2,"11":1,"12":1,"13":1,"14":1,"15":2,"16":2,"17":2,"18":2,"19":1,"20":1,"21":2,"22":2,"23":2,"24":1,"25":1,"26":1,"27":1,"28":1,"29":1,"30":1,"31":1,"32":1,"33":1,"34":1,"35":1,"36":1,"37":1,"38":1,"39":2,"40":2,"41":1,"42":2,"43":2,"44":1,"45":2,"46":2,"47":1,"48":2,"49":2,"50":1,"51":1,"52":1,"53":1,"54":1},"b":{"1":[2,1,1,1],"2":[1,1,1,1],"3":[1,1],"4":[1,1],"5":[1,1],"6":[1,1],"7":[1,1],"8":[1,1],"9":[1,1],"10":[1,1,1],"11":[1,1],"12":[1,1],"13":[1,1],"14":[1,1],"15":[1,1],"16":[1,1],"17":[1,1]},"f":{"1":2,"2":2,"3":2,"4":2,"5":2,"6":1,"7":1,"8":1,"9":2,"10":2,"11":2,"12":2,"13":1},"fnMap":{"1":{"name":"(anonymous_1)","line":12,"loc":{"start":{"line":12,"column":1},"end":{"line":12,"column":13}}},"2":{"name":"(anonymous_2)","line":19,"loc":{"start":{"line":19,"column":5},"end":{"line":19,"column":17}}},"3":{"name":"(anonymous_3)","line":23,"loc":{"start":{"line":23,"column":24},"end":{"line":23,"column":36}}},"4":{"name":"(anonymous_4)","line":61,"loc":{"start":{"line":61,"column":5},"end":{"line":61,"column":17}}},"5":{"name":"(anonymous_5)","line":82,"loc":{"start":{"line":82,"column":5},"end":{"line":82,"column":17}}},"6":{"name":"(anonymous_6)","line":91,"loc":{"start":{"line":91,"column":77},"end":{"line":94,"column":10}}},"7":{"name":"(anonymous_7)","line":112,"loc":{"start":{"line":112,"column":83},"end":{"line":115,"column":10}},"skip":true},"8":{"name":"(anonymous_8)","line":123,"loc":{"start":{"line":123,"column":77},"end":{"line":126,"column":10}},"skip":true},"9":{"name":"(anonymous_9)","line":139,"loc":{"start":{"line":139,"column":12},"end":{"line":139,"column":40}},"skip":true},"10":{"name":"(anonymous_10)","line":147,"loc":{"start":{"line":147,"column":77},"end":{"line":150,"column":10}},"skip":true},"11":{"name":"(anonymous_11)","line":158,"loc":{"start":{"line":158,"column":83},"end":{"line":161,"column":10}},"skip":true},"12":{"name":"(anonymous_12)","line":169,"loc":{"start":{"line":169,"column":79},"end":{"line":172,"column":10}},"skip":true},"13":{"name":"(anonymous_13)","line":180,"loc":{"start":{"line":180,"column":75},"end":{"line":183,"column":10}},"skip":true}},"statementMap":{"1":{"start":{"line":12,"column":0},"end":{"line":195,"column":5}},"2":{"start":{"line":14,"column":4},"end":{"line":14,"column":14}},"3":{"start":{"line":19,"column":4},"end":{"line":56,"column":9}},"4":{"start":{"line":21,"column":8},"end":{"line":21,"column":19}},"5":{"start":{"line":23,"column":8},"end":{"line":35,"column":13}},"6":{"start":{"line":24,"column":12},"end":{"line":34,"column":13}},"7":{"start":{"line":25,"column":16},"end":{"line":28,"column":30}},"8":{"start":{"line":30,"column":16},"end":{"line":33,"column":27}},"9":{"start":{"line":37,"column":8},"end":{"line":39,"column":21}},"10":{"start":{"line":40,"column":8},"end":{"line":53,"column":9}},"11":{"start":{"line":43,"column":12},"end":{"line":46,"column":14}},"12":{"start":{"line":47,"column":12},"end":{"line":47,"column":18}},"13":{"start":{"line":50,"column":12},"end":{"line":51,"column":33}},"14":{"start":{"line":52,"column":12},"end":{"line":52,"column":18}},"15":{"start":{"line":55,"column":8},"end":{"line":55,"column":35}},"16":{"start":{"line":61,"column":4},"end":{"line":63,"column":9}},"17":{"start":{"line":62,"column":8},"end":{"line":62,"column":15}},"18":{"start":{"line":64,"column":4},"end":{"line":77,"column":5}},"19":{"start":{"line":70,"column":8},"end":{"line":70,"column":14}},"20":{"start":{"line":76,"column":8},"end":{"line":76,"column":14}},"21":{"start":{"line":82,"column":4},"end":{"line":84,"column":9}},"22":{"start":{"line":83,"column":8},"end":{"line":83,"column":15}},"23":{"start":{"line":85,"column":4},"end":{"line":194,"column":5}},"24":{"start":{"line":91,"column":8},"end":{"line":99,"column":10}},"25":{"start":{"line":98,"column":12},"end":{"line":98,"column":35}},"26":{"start":{"line":102,"column":8},"end":{"line":104,"column":63}},"27":{"start":{"line":105,"column":8},"end":{"line":105,"column":14}},"28":{"start":{"line":112,"column":8},"end":{"line":121,"column":10},"skip":true},"29":{"start":{"line":119,"column":12},"end":{"line":119,"column":55},"skip":true},"30":{"start":{"line":120,"column":12},"end":{"line":120,"column":48},"skip":true},"31":{"start":{"line":123,"column":8},"end":{"line":136,"column":10},"skip":true},"32":{"start":{"line":130,"column":12},"end":{"line":130,"column":76},"skip":true},"33":{"start":{"line":131,"column":12},"end":{"line":131,"column":73},"skip":true},"34":{"start":{"line":132,"column":12},"end":{"line":132,"column":74},"skip":true},"35":{"start":{"line":133,"column":12},"end":{"line":133,"column":79},"skip":true},"36":{"start":{"line":134,"column":12},"end":{"line":134,"column":25},"skip":true},"37":{"start":{"line":135,"column":12},"end":{"line":135,"column":45},"skip":true},"38":{"start":{"line":138,"column":8},"end":{"line":145,"column":14},"skip":true},"39":{"start":{"line":143,"column":16},"end":{"line":143,"column":29},"skip":true},"40":{"start":{"line":144,"column":16},"end":{"line":144,"column":55},"skip":true},"41":{"start":{"line":147,"column":8},"end":{"line":156,"column":10},"skip":true},"42":{"start":{"line":154,"column":12},"end":{"line":154,"column":25},"skip":true},"43":{"start":{"line":155,"column":12},"end":{"line":155,"column":45},"skip":true},"44":{"start":{"line":158,"column":8},"end":{"line":167,"column":10},"skip":true},"45":{"start":{"line":165,"column":12},"end":{"line":165,"column":25},"skip":true},"46":{"start":{"line":166,"column":12},"end":{"line":166,"column":48},"skip":true},"47":{"start":{"line":169,"column":8},"end":{"line":178,"column":10},"skip":true},"48":{"start":{"line":176,"column":12},"end":{"line":176,"column":25},"skip":true},"49":{"start":{"line":177,"column":12},"end":{"line":177,"column":46},"skip":true},"50":{"start":{"line":180,"column":8},"end":{"line":189,"column":10},"skip":true},"51":{"start":{"line":187,"column":12},"end":{"line":187,"column":94},"skip":true},"52":{"start":{"line":188,"column":12},"end":{"line":188,"column":48},"skip":true},"53":{"start":{"line":192,"column":8},"end":{"line":192,"column":35},"skip":true},"54":{"start":{"line":193,"column":8},"end":{"line":193,"column":14},"skip":true}},"branchMap":{"1":{"line":25,"type":"binary-expr","locations":[{"start":{"line":25,"column":23},"end":{"line":25,"column":62}},{"start":{"line":26,"column":20},"end":{"line":26,"column":70}},{"start":{"line":27,"column":20},"end":{"line":27,"column":71}},{"start":{"line":28,"column":20},"end":{"line":28,"column":29}}]},"2":{"line":30,"type":"binary-expr","locations":[{"start":{"line":30,"column":23},"end":{"line":30,"column":37}},{"start":{"line":31,"column":20},"end":{"line":31,"column":61}},{"start":{"line":32,"column":20},"end":{"line":32,"column":70}},{"start":{"line":33,"column":20},"end":{"line":33,"column":26}}]},"3":{"line":37,"type":"cond-expr","locations":[{"start":{"line":38,"column":14},"end":{"line":38,"column":20}},{"start":{"line":39,"column":14},"end":{"line":39,"column":20}}]},"4":{"line":40,"type":"switch","locations":[{"start":{"line":42,"column":8},"end":{"line":47,"column":18}},{"start":{"line":49,"column":8},"end":{"line":52,"column":18}}]},"5":{"line":44,"type":"binary-expr","locations":[{"start":{"line":44,"column":16},"end":{"line":44,"column":44}},{"start":{"line":44,"column":48},"end":{"line":44,"column":66}}]},"6":{"line":50,"type":"binary-expr","locations":[{"start":{"line":50,"column":21},"end":{"line":50,"column":49}},{"start":{"line":50,"column":53},"end":{"line":50,"column":72}}]},"7":{"line":64,"type":"switch","locations":[{"start":{"line":69,"column":4},"end":{"line":70,"column":14}},{"start":{"line":75,"column":4},"end":{"line":76,"column":14}}]},"8":{"line":85,"type":"switch","locations":[{"start":{"line":90,"column":4},"end":{"line":105,"column":14}},{"start":{"line":111,"column":4},"end":{"line":193,"column":14},"skip":true}]},"9":{"line":91,"type":"binary-expr","locations":[{"start":{"line":91,"column":42},"end":{"line":91,"column":73}},{"start":{"line":91,"column":77},"end":{"line":99,"column":9}}]},"10":{"line":102,"type":"binary-expr","locations":[{"start":{"line":102,"column":18},"end":{"line":102,"column":32}},{"start":{"line":103,"column":12},"end":{"line":103,"column":53}},{"start":{"line":104,"column":12},"end":{"line":104,"column":61}}]},"11":{"line":112,"type":"binary-expr","locations":[{"start":{"line":112,"column":45},"end":{"line":112,"column":79},"skip":true},{"start":{"line":112,"column":83},"end":{"line":121,"column":9},"skip":true}]},"12":{"line":123,"type":"binary-expr","locations":[{"start":{"line":123,"column":42},"end":{"line":123,"column":73},"skip":true},{"start":{"line":123,"column":77},"end":{"line":136,"column":9},"skip":true}]},"13":{"line":138,"type":"binary-expr","locations":[{"start":{"line":138,"column":48},"end":{"line":138,"column":85},"skip":true},{"start":{"line":139,"column":12},"end":{"line":145,"column":13},"skip":true}]},"14":{"line":147,"type":"binary-expr","locations":[{"start":{"line":147,"column":42},"end":{"line":147,"column":73},"skip":true},{"start":{"line":147,"column":77},"end":{"line":156,"column":9},"skip":true}]},"15":{"line":158,"type":"binary-expr","locations":[{"start":{"line":158,"column":45},"end":{"line":158,"column":79},"skip":true},{"start":{"line":158,"column":83},"end":{"line":167,"column":9},"skip":true}]},"16":{"line":169,"type":"binary-expr","locations":[{"start":{"line":169,"column":43},"end":{"line":169,"column":75},"skip":true},{"start":{"line":169,"column":79},"end":{"line":178,"column":9},"skip":true}]},"17":{"line":180,"type":"binary-expr","locations":[{"start":{"line":180,"column":41},"end":{"line":180,"column":71},"skip":true},{"start":{"line":180,"column":75},"end":{"line":189,"column":9},"skip":true}]}},"code":["/* istanbul instrument in package npmtest_smartcrop */","/*jslint","    bitwise: true,","    browser: true,","    maxerr: 8,","    maxlen: 96,","    node: true,","    nomen: true,","    regexp: true,","    stupid: true","*/","(function () {","    'use strict';","    var local;","","","","    // run shared js-env code - init-before","    (function () {","        // init local","        local = {};","        // init modeJs","        local.modeJs = (function () {","            try {","                return typeof navigator.userAgent === 'string' &&","                    typeof document.querySelector('body') === 'object' &&","                    typeof XMLHttpRequest.prototype.open === 'function' &&","                    'browser';","            } catch (errorCaughtBrowser) {","                return module.exports &&","                    typeof process.versions.node === 'string' &&","                    typeof require('http').createServer === 'function' &&","                    'node';","            }","        }());","        // init global","        local.global = local.modeJs === 'browser'","            ? window","            : global;","        switch (local.modeJs) {","        // re-init local from window.local","        case 'browser':","            local = local.global.utility2.objectSetDefault(","                local.global.utility2_rollup || local.global.local,","                local.global.utility2","            );","            break;","        // re-init local from example.js","        case 'node':","            local = (local.global.utility2_rollup || require('utility2'))","                .requireReadme();","            break;","        }","        // export local","        local.global.local = local;","    }());","","","","    // run shared js-env code - function","    (function () {","        return;","    }());","    switch (local.modeJs) {","","","","    // run browser js-env code - function","    case 'browser':","        break;","","","","    // run node js-env code - function","    case 'node':","        break;","    }","","","","    // run shared js-env code - init-after","    (function () {","        return;","    }());","    switch (local.modeJs) {","","","","    // run browser js-env code - init-after","    case 'browser':","        local.testCase_browser_nullCase = local.testCase_browser_nullCase || function (","            options,","            onError","        ) {","        /*","         * this function will test browsers's null-case handling-behavior-behavior","         */","            onError(null, options);","        };","","        // run tests","        local.nop(local.modeTest &&","            document.querySelector('#testRunButton1') &&","            document.querySelector('#testRunButton1').click());","        break;","","","","    // run node js-env code - init-after","    /* istanbul ignore next */","    case 'node':","        local.testCase_buildApidoc_default = local.testCase_buildApidoc_default || function (","            options,","            onError","        ) {","        /*","         * this function will test buildApidoc's default handling-behavior-behavior","         */","            options = { modulePathList: module.paths };","            local.buildApidoc(options, onError);","        };","","        local.testCase_buildApp_default = local.testCase_buildApp_default || function (","            options,","            onError","        ) {","        /*","         * this function will test buildApp's default handling-behavior-behavior","         */","            local.testCase_buildReadme_default(options, local.onErrorThrow);","            local.testCase_buildLib_default(options, local.onErrorThrow);","            local.testCase_buildTest_default(options, local.onErrorThrow);","            local.testCase_buildCustomOrg_default(options, local.onErrorThrow);","            options = [];","            local.buildApp(options, onError);","        };","","        local.testCase_buildCustomOrg_default = local.testCase_buildCustomOrg_default ||","            function (options, onError) {","            /*","             * this function will test buildCustomOrg's default handling-behavior","             */","                options = {};","                local.buildCustomOrg(options, onError);","            };","","        local.testCase_buildLib_default = local.testCase_buildLib_default || function (","            options,","            onError","        ) {","        /*","         * this function will test buildLib's default handling-behavior","         */","            options = {};","            local.buildLib(options, onError);","        };","","        local.testCase_buildReadme_default = local.testCase_buildReadme_default || function (","            options,","            onError","        ) {","        /*","         * this function will test buildReadme's default handling-behavior-behavior","         */","            options = {};","            local.buildReadme(options, onError);","        };","","        local.testCase_buildTest_default = local.testCase_buildTest_default || function (","            options,","            onError","        ) {","        /*","         * this function will test buildTest's default handling-behavior","         */","            options = {};","            local.buildTest(options, onError);","        };","","        local.testCase_webpage_default = local.testCase_webpage_default || function (","            options,","            onError","        ) {","        /*","         * this function will test webpage's default handling-behavior","         */","            options = { modeCoverageMerge: true, url: local.serverLocalHost + '?modeTest=1' };","            local.browserTest(options, onError);","        };","","        // run test-server","        local.testRunServer(local);","        break;","    }","}());",""],"l":{"12":2,"14":2,"19":2,"21":2,"23":2,"24":2,"25":2,"30":1,"37":2,"40":2,"43":1,"47":1,"50":1,"52":1,"55":2,"61":2,"62":2,"64":2,"70":1,"76":1,"82":2,"83":2,"85":2,"91":1,"98":1,"102":1,"105":1,"112":1,"119":1,"120":1,"123":1,"130":1,"131":1,"132":1,"133":1,"134":1,"135":1,"138":1,"143":2,"144":2,"147":1,"154":2,"155":2,"158":1,"165":2,"166":2,"169":1,"176":2,"177":2,"180":1,"187":1,"188":1,"192":1,"193":1}},"/home/travis/build/npmtest/node-npmtest-smartcrop/lib.npmtest_smartcrop.js":{"path":"/home/travis/build/npmtest/node-npmtest-smartcrop/lib.npmtest_smartcrop.js","s":{"1":2,"2":2,"3":2,"4":2,"5":2,"6":2,"7":2,"8":1,"9":2,"10":2,"11":2,"12":2,"13":1,"14":1,"15":1,"16":1},"b":{"1":[2,1,1,1],"2":[1,1,1,1],"3":[1,1],"4":[2,2],"5":[1,1]},"f":{"1":2,"2":2,"3":2},"fnMap":{"1":{"name":"(anonymous_1)","line":12,"loc":{"start":{"line":12,"column":1},"end":{"line":12,"column":13}}},"2":{"name":"(anonymous_2)","line":19,"loc":{"start":{"line":19,"column":5},"end":{"line":19,"column":17}}},"3":{"name":"(anonymous_3)","line":23,"loc":{"start":{"line":23,"column":24},"end":{"line":23,"column":36}}}},"statementMap":{"1":{"start":{"line":12,"column":0},"end":{"line":53,"column":5}},"2":{"start":{"line":14,"column":4},"end":{"line":14,"column":14}},"3":{"start":{"line":19,"column":4},"end":{"line":52,"column":9}},"4":{"start":{"line":21,"column":8},"end":{"line":21,"column":19}},"5":{"start":{"line":23,"column":8},"end":{"line":35,"column":13}},"6":{"start":{"line":24,"column":12},"end":{"line":34,"column":13}},"7":{"start":{"line":25,"column":16},"end":{"line":28,"column":30}},"8":{"start":{"line":30,"column":16},"end":{"line":33,"column":27}},"9":{"start":{"line":37,"column":8},"end":{"line":39,"column":21}},"10":{"start":{"line":41,"column":8},"end":{"line":41,"column":54}},"11":{"start":{"line":43,"column":8},"end":{"line":43,"column":54}},"12":{"start":{"line":45,"column":8},"end":{"line":51,"column":9}},"13":{"start":{"line":46,"column":12},"end":{"line":46,"column":60}},"14":{"start":{"line":48,"column":12},"end":{"line":48,"column":35}},"15":{"start":{"line":49,"column":12},"end":{"line":49,"column":49}},"16":{"start":{"line":50,"column":12},"end":{"line":50,"column":43}}},"branchMap":{"1":{"line":25,"type":"binary-expr","locations":[{"start":{"line":25,"column":23},"end":{"line":25,"column":62}},{"start":{"line":26,"column":20},"end":{"line":26,"column":70}},{"start":{"line":27,"column":20},"end":{"line":27,"column":71}},{"start":{"line":28,"column":20},"end":{"line":28,"column":29}}]},"2":{"line":30,"type":"binary-expr","locations":[{"start":{"line":30,"column":23},"end":{"line":30,"column":37}},{"start":{"line":31,"column":20},"end":{"line":31,"column":61}},{"start":{"line":32,"column":20},"end":{"line":32,"column":70}},{"start":{"line":33,"column":20},"end":{"line":33,"column":26}}]},"3":{"line":37,"type":"cond-expr","locations":[{"start":{"line":38,"column":14},"end":{"line":38,"column":20}},{"start":{"line":39,"column":14},"end":{"line":39,"column":20}}]},"4":{"line":41,"type":"binary-expr","locations":[{"start":{"line":41,"column":16},"end":{"line":41,"column":44}},{"start":{"line":41,"column":48},"end":{"line":41,"column":53}}]},"5":{"line":45,"type":"if","locations":[{"start":{"line":45,"column":8},"end":{"line":45,"column":8}},{"start":{"line":45,"column":8},"end":{"line":45,"column":8}}]}},"code":["/* istanbul instrument in package npmtest_smartcrop */","/*jslint","    bitwise: true,","    browser: true,","    maxerr: 8,","    maxlen: 96,","    node: true,","    nomen: true,","    regexp: true,","    stupid: true","*/","(function () {","    'use strict';","    var local;","","","","    // run shared js-env code - init-before","    (function () {","        // init local","        local = {};","        // init modeJs","        local.modeJs = (function () {","            try {","                return typeof navigator.userAgent === 'string' &&","                    typeof document.querySelector('body') === 'object' &&","                    typeof XMLHttpRequest.prototype.open === 'function' &&","                    'browser';","            } catch (errorCaughtBrowser) {","                return module.exports &&","                    typeof process.versions.node === 'string' &&","                    typeof require('http').createServer === 'function' &&","                    'node';","            }","        }());","        // init global","        local.global = local.modeJs === 'browser'","            ? window","            : global;","        // init utility2_rollup","        local = local.global.utility2_rollup || local;","        // init lib","        local.local = local.npmtest_smartcrop = local;","        // init exports","        if (local.modeJs === 'browser') {","            local.global.utility2_npmtest_smartcrop = local;","        } else {","            module.exports = local;","            module.exports.__dirname = __dirname;","            module.exports.module = module;","        }","    }());","}());",""],"l":{"12":2,"14":2,"19":2,"21":2,"23":2,"24":2,"25":2,"30":1,"37":2,"41":2,"43":2,"45":2,"46":1,"48":1,"49":1,"50":1}},"/home/travis/build/npmtest/node-npmtest-smartcrop/example.js":{"path":"/home/travis/build/npmtest/node-npmtest-smartcrop/example.js","s":{"1":2,"2":2,"3":2,"4":2,"5":2,"6":2,"7":2,"8":1,"9":2,"10":2,"11":2,"12":2,"13":1,"14":2,"15":2,"16":2,"17":2,"18":2,"19":0,"20":2,"21":1,"22":1,"23":1,"24":1,"25":1,"26":0,"27":0,"28":1,"29":1,"30":2,"31":0,"32":0,"33":0,"34":1,"35":2,"36":2,"37":3,"38":3,"39":3,"40":3,"41":0,"42":3,"43":3,"44":3,"45":1,"46":3,"47":1,"48":1,"49":1,"50":1,"51":1,"52":1,"53":1,"54":1,"55":1,"56":1,"57":0,"58":1,"59":6,"60":6,"61":1,"62":2,"63":0,"64":2,"65":1,"66":1,"67":0,"68":0,"69":0,"70":0,"71":0,"72":0,"73":0,"74":0,"75":0,"76":0,"77":0,"78":0,"79":0,"80":0,"81":0,"82":0,"83":0},"b":{"1":[2,1,1,1],"2":[1,1,1,1],"3":[1,1],"4":[2,2],"5":[1,1],"6":[1,1],"7":[2,0],"8":[2,1,1,1,1,1],"9":[0,2,0],"10":[1,1],"11":[2,1,1],"12":[1,0],"13":[0,2],"14":[2,0,0,0,0,0,0],"15":[0,3],"16":[3,0],"17":[1,1],"18":[0,1],"19":[1,2,0,2],"20":[1,0],"21":[1,1],"22":[0,0],"23":[0,0],"24":[0,0],"25":[0,0],"26":[0,0],"27":[0,0],"28":[0,0]},"f":{"1":2,"2":2,"3":2,"4":2,"5":2,"6":2,"7":3,"8":3,"9":3,"10":1,"11":6,"12":0},"fnMap":{"1":{"name":"(anonymous_1)","line":26,"loc":{"start":{"line":26,"column":1},"end":{"line":26,"column":13}}},"2":{"name":"(anonymous_2)","line":33,"loc":{"start":{"line":33,"column":5},"end":{"line":33,"column":17}}},"3":{"name":"(anonymous_3)","line":37,"loc":{"start":{"line":37,"column":24},"end":{"line":37,"column":36}}},"4":{"name":"(anonymous_4)","line":69,"loc":{"start":{"line":69,"column":31},"end":{"line":69,"column":48}},"skip":true},"5":{"name":"(anonymous_5)","line":78,"loc":{"start":{"line":78,"column":26},"end":{"line":78,"column":45}},"skip":true},"6":{"name":"(anonymous_6)","line":123,"loc":{"start":{"line":123,"column":33},"end":{"line":123,"column":48}},"skip":true},"7":{"name":"(anonymous_7)","line":125,"loc":{"start":{"line":125,"column":27},"end":{"line":125,"column":39}},"skip":true},"8":{"name":"(anonymous_8)","line":133,"loc":{"start":{"line":133,"column":59},"end":{"line":133,"column":74}},"skip":true},"9":{"name":"(anonymous_9)","line":143,"loc":{"start":{"line":143,"column":45},"end":{"line":143,"column":62}},"skip":true},"10":{"name":"(anonymous_10)","line":144,"loc":{"start":{"line":144,"column":73},"end":{"line":144,"column":92}},"skip":true},"11":{"name":"(anonymous_11)","line":272,"loc":{"start":{"line":272,"column":51},"end":{"line":272,"column":77}},"skip":true},"12":{"name":"(anonymous_12)","line":315,"loc":{"start":{"line":315,"column":32},"end":{"line":315,"column":61}},"skip":true}},"statementMap":{"1":{"start":{"line":26,"column":0},"end":{"line":326,"column":5}},"2":{"start":{"line":28,"column":4},"end":{"line":28,"column":14}},"3":{"start":{"line":33,"column":4},"end":{"line":60,"column":9}},"4":{"start":{"line":35,"column":8},"end":{"line":35,"column":19}},"5":{"start":{"line":37,"column":8},"end":{"line":49,"column":13}},"6":{"start":{"line":38,"column":12},"end":{"line":48,"column":13}},"7":{"start":{"line":39,"column":16},"end":{"line":42,"column":30}},"8":{"start":{"line":44,"column":16},"end":{"line":47,"column":27}},"9":{"start":{"line":51,"column":8},"end":{"line":53,"column":21}},"10":{"start":{"line":55,"column":8},"end":{"line":57,"column":45}},"11":{"start":{"line":59,"column":8},"end":{"line":59,"column":35}},"12":{"start":{"line":61,"column":4},"end":{"line":325,"column":5}},"13":{"start":{"line":69,"column":8},"end":{"line":121,"column":10},"skip":true},"14":{"start":{"line":70,"column":12},"end":{"line":88,"column":13},"skip":true},"15":{"start":{"line":76,"column":16},"end":{"line":87,"column":19},"skip":true},"16":{"start":{"line":79,"column":20},"end":{"line":86,"column":21},"skip":true},"17":{"start":{"line":82,"column":24},"end":{"line":82,"column":43},"skip":true},"18":{"start":{"line":83,"column":24},"end":{"line":83,"column":30},"skip":true},"19":{"start":{"line":85,"column":24},"end":{"line":85,"column":49},"skip":true},"20":{"start":{"line":89,"column":12},"end":{"line":107,"column":13},"skip":true},"21":{"start":{"line":92,"column":16},"end":{"line":102,"column":17},"skip":true},"22":{"start":{"line":93,"column":20},"end":{"line":93,"column":86},"skip":true},"23":{"start":{"line":94,"column":20},"end":{"line":95,"column":45},"skip":true},"24":{"start":{"line":96,"column":20},"end":{"line":96,"column":42},"skip":true},"25":{"start":{"line":97,"column":20},"end":{"line":97,"column":48},"skip":true},"26":{"start":{"line":100,"column":20},"end":{"line":100,"column":85},"skip":true},"27":{"start":{"line":101,"column":20},"end":{"line":101,"column":96},"skip":true},"28":{"start":{"line":103,"column":16},"end":{"line":103,"column":22},"skip":true},"29":{"start":{"line":106,"column":16},"end":{"line":106,"column":22},"skip":true},"30":{"start":{"line":108,"column":12},"end":{"line":120,"column":13},"skip":true},"31":{"start":{"line":114,"column":16},"end":{"line":119,"column":17},"skip":true},"32":{"start":{"line":116,"column":20},"end":{"line":116,"column":78},"skip":true},"33":{"start":{"line":118,"column":20},"end":{"line":118,"column":47},"skip":true},"34":{"start":{"line":123,"column":8},"end":{"line":141,"column":11},"skip":true},"35":{"start":{"line":124,"column":12},"end":{"line":124,"column":54},"skip":true},"36":{"start":{"line":125,"column":12},"end":{"line":140,"column":14},"skip":true},"37":{"start":{"line":126,"column":16},"end":{"line":126,"column":28},"skip":true},"38":{"start":{"line":127,"column":16},"end":{"line":127,"column":69},"skip":true},"39":{"start":{"line":128,"column":16},"end":{"line":128,"column":75},"skip":true},"40":{"start":{"line":129,"column":16},"end":{"line":131,"column":17},"skip":true},"41":{"start":{"line":130,"column":20},"end":{"line":130,"column":27},"skip":true},"42":{"start":{"line":133,"column":16},"end":{"line":137,"column":36},"skip":true},"43":{"start":{"line":134,"column":20},"end":{"line":136,"column":55},"skip":true},"44":{"start":{"line":139,"column":16},"end":{"line":139,"column":57},"skip":true},"45":{"start":{"line":143,"column":8},"end":{"line":147,"column":11},"skip":true},"46":{"start":{"line":144,"column":12},"end":{"line":146,"column":15},"skip":true},"47":{"start":{"line":145,"column":16},"end":{"line":145,"column":70},"skip":true},"48":{"start":{"line":149,"column":8},"end":{"line":149,"column":31},"skip":true},"49":{"start":{"line":150,"column":8},"end":{"line":150,"column":14},"skip":true},"50":{"start":{"line":158,"column":8},"end":{"line":158,"column":31},"skip":true},"51":{"start":{"line":160,"column":8},"end":{"line":160,"column":33},"skip":true},"52":{"start":{"line":161,"column":8},"end":{"line":161,"column":37},"skip":true},"53":{"start":{"line":162,"column":8},"end":{"line":162,"column":35},"skip":true},"54":{"start":{"line":164,"column":8},"end":{"line":164,"column":50},"skip":true},"55":{"start":{"line":166,"column":8},"end":{"line":256,"column":2},"skip":true},"56":{"start":{"line":258,"column":8},"end":{"line":286,"column":9},"skip":true},"57":{"start":{"line":259,"column":12},"end":{"line":269,"column":14},"skip":true},"58":{"start":{"line":271,"column":12},"end":{"line":285,"column":19},"skip":true},"59":{"start":{"line":274,"column":20},"end":{"line":274,"column":35},"skip":true},"60":{"start":{"line":275,"column":20},"end":{"line":284,"column":21},"skip":true},"61":{"start":{"line":277,"column":24},"end":{"line":277,"column":64},"skip":true},"62":{"start":{"line":279,"column":24},"end":{"line":279,"column":40},"skip":true},"63":{"start":{"line":281,"column":24},"end":{"line":281,"column":40},"skip":true},"64":{"start":{"line":283,"column":24},"end":{"line":283,"column":39},"skip":true},"65":{"start":{"line":288,"column":8},"end":{"line":290,"column":9},"skip":true},"66":{"start":{"line":289,"column":12},"end":{"line":289,"column":18},"skip":true},"67":{"start":{"line":291,"column":8},"end":{"line":293,"column":54},"skip":true},"68":{"start":{"line":296,"column":8},"end":{"line":301,"column":37},"skip":true},"69":{"start":{"line":303,"column":8},"end":{"line":303,"column":82},"skip":true},"70":{"start":{"line":306,"column":8},"end":{"line":308,"column":9},"skip":true},"71":{"start":{"line":307,"column":12},"end":{"line":307,"column":82},"skip":true},"72":{"start":{"line":310,"column":8},"end":{"line":312,"column":9},"skip":true},"73":{"start":{"line":311,"column":12},"end":{"line":311,"column":18},"skip":true},"74":{"start":{"line":313,"column":8},"end":{"line":313,"column":54},"skip":true},"75":{"start":{"line":314,"column":8},"end":{"line":314,"column":69},"skip":true},"76":{"start":{"line":315,"column":8},"end":{"line":323,"column":36},"skip":true},"77":{"start":{"line":316,"column":12},"end":{"line":316,"column":61},"skip":true},"78":{"start":{"line":317,"column":12},"end":{"line":320,"column":13},"skip":true},"79":{"start":{"line":318,"column":16},"end":{"line":318,"column":75},"skip":true},"80":{"start":{"line":319,"column":16},"end":{"line":319,"column":23},"skip":true},"81":{"start":{"line":321,"column":12},"end":{"line":321,"column":38},"skip":true},"82":{"start":{"line":322,"column":12},"end":{"line":322,"column":27},"skip":true},"83":{"start":{"line":324,"column":8},"end":{"line":324,"column":14},"skip":true}},"branchMap":{"1":{"line":39,"type":"binary-expr","locations":[{"start":{"line":39,"column":23},"end":{"line":39,"column":62}},{"start":{"line":40,"column":20},"end":{"line":40,"column":70}},{"start":{"line":41,"column":20},"end":{"line":41,"column":71}},{"start":{"line":42,"column":20},"end":{"line":42,"column":29}}]},"2":{"line":44,"type":"binary-expr","locations":[{"start":{"line":44,"column":23},"end":{"line":44,"column":37}},{"start":{"line":45,"column":20},"end":{"line":45,"column":61}},{"start":{"line":46,"column":20},"end":{"line":46,"column":70}},{"start":{"line":47,"column":20},"end":{"line":47,"column":26}}]},"3":{"line":51,"type":"cond-expr","locations":[{"start":{"line":52,"column":14},"end":{"line":52,"column":20}},{"start":{"line":53,"column":14},"end":{"line":53,"column":20}}]},"4":{"line":55,"type":"binary-expr","locations":[{"start":{"line":55,"column":16},"end":{"line":55,"column":44}},{"start":{"line":55,"column":49},"end":{"line":57,"column":43}}]},"5":{"line":55,"type":"cond-expr","locations":[{"start":{"line":56,"column":14},"end":{"line":56,"column":53}},{"start":{"line":57,"column":14},"end":{"line":57,"column":43}}]},"6":{"line":61,"type":"switch","locations":[{"start":{"line":68,"column":4},"end":{"line":150,"column":14},"skip":true},{"start":{"line":156,"column":4},"end":{"line":324,"column":14},"skip":true}]},"7":{"line":70,"type":"if","locations":[{"start":{"line":70,"column":12},"end":{"line":70,"column":12},"skip":true},{"start":{"line":70,"column":12},"end":{"line":70,"column":12},"skip":true}]},"8":{"line":70,"type":"binary-expr","locations":[{"start":{"line":70,"column":16},"end":{"line":70,"column":22},"skip":true},{"start":{"line":70,"column":27},"end":{"line":70,"column":32},"skip":true},{"start":{"line":71,"column":20},"end":{"line":71,"column":39},"skip":true},{"start":{"line":72,"column":20},"end":{"line":72,"column":49},"skip":true},{"start":{"line":73,"column":20},"end":{"line":73,"column":58},"skip":true},{"start":{"line":74,"column":20},"end":{"line":74,"column":69},"skip":true}]},"9":{"line":79,"type":"switch","locations":[{"start":{"line":80,"column":20},"end":{"line":80,"column":33},"skip":true},{"start":{"line":81,"column":20},"end":{"line":83,"column":30},"skip":true},{"start":{"line":84,"column":20},"end":{"line":85,"column":49},"skip":true}]},"10":{"line":89,"type":"switch","locations":[{"start":{"line":90,"column":12},"end":{"line":103,"column":22},"skip":true},{"start":{"line":105,"column":12},"end":{"line":106,"column":22},"skip":true}]},"11":{"line":89,"type":"binary-expr","locations":[{"start":{"line":89,"column":20},"end":{"line":89,"column":25},"skip":true},{"start":{"line":89,"column":29},"end":{"line":89,"column":48},"skip":true},{"start":{"line":89,"column":52},"end":{"line":89,"column":74},"skip":true}]},"12":{"line":92,"type":"if","locations":[{"start":{"line":92,"column":16},"end":{"line":92,"column":16},"skip":true},{"start":{"line":92,"column":16},"end":{"line":92,"column":16},"skip":true}]},"13":{"line":108,"type":"if","locations":[{"start":{"line":108,"column":12},"end":{"line":108,"column":12},"skip":true},{"start":{"line":108,"column":12},"end":{"line":108,"column":12},"skip":true}]},"14":{"line":108,"type":"binary-expr","locations":[{"start":{"line":108,"column":16},"end":{"line":108,"column":61},"skip":true},{"start":{"line":108,"column":66},"end":{"line":108,"column":72},"skip":true},{"start":{"line":108,"column":77},"end":{"line":108,"column":82},"skip":true},{"start":{"line":109,"column":20},"end":{"line":109,"column":39},"skip":true},{"start":{"line":110,"column":20},"end":{"line":110,"column":49},"skip":true},{"start":{"line":111,"column":20},"end":{"line":111,"column":58},"skip":true},{"start":{"line":112,"column":20},"end":{"line":112,"column":68},"skip":true}]},"15":{"line":129,"type":"if","locations":[{"start":{"line":129,"column":16},"end":{"line":129,"column":16},"skip":true},{"start":{"line":129,"column":16},"end":{"line":129,"column":16},"skip":true}]},"16":{"line":134,"type":"cond-expr","locations":[{"start":{"line":135,"column":26},"end":{"line":135,"column":29},"skip":true},{"start":{"line":136,"column":26},"end":{"line":136,"column":54},"skip":true}]},"17":{"line":164,"type":"binary-expr","locations":[{"start":{"line":164,"column":27},"end":{"line":164,"column":43},"skip":true},{"start":{"line":164,"column":47},"end":{"line":164,"column":49},"skip":true}]},"18":{"line":258,"type":"if","locations":[{"start":{"line":258,"column":8},"end":{"line":258,"column":8},"skip":true},{"start":{"line":258,"column":8},"end":{"line":258,"column":8},"skip":true}]},"19":{"line":275,"type":"switch","locations":[{"start":{"line":276,"column":20},"end":{"line":277,"column":64},"skip":true},{"start":{"line":278,"column":20},"end":{"line":279,"column":40},"skip":true},{"start":{"line":280,"column":20},"end":{"line":281,"column":40},"skip":true},{"start":{"line":282,"column":20},"end":{"line":283,"column":39},"skip":true}]},"20":{"line":288,"type":"if","locations":[{"start":{"line":288,"column":8},"end":{"line":288,"column":8},"skip":true},{"start":{"line":288,"column":8},"end":{"line":288,"column":8},"skip":true}]},"21":{"line":288,"type":"binary-expr","locations":[{"start":{"line":288,"column":12},"end":{"line":288,"column":40},"skip":true},{"start":{"line":288,"column":44},"end":{"line":288,"column":67},"skip":true}]},"22":{"line":292,"type":"binary-expr","locations":[{"start":{"line":292,"column":12},"end":{"line":292,"column":50},"skip":true},{"start":{"line":293,"column":12},"end":{"line":293,"column":53},"skip":true}]},"23":{"line":297,"type":"binary-expr","locations":[{"start":{"line":297,"column":12},"end":{"line":297,"column":67},"skip":true},{"start":{"line":298,"column":12},"end":{"line":301,"column":36},"skip":true}]},"24":{"line":303,"type":"binary-expr","locations":[{"start":{"line":303,"column":43},"end":{"line":303,"column":75},"skip":true},{"start":{"line":303,"column":79},"end":{"line":303,"column":81},"skip":true}]},"25":{"line":306,"type":"if","locations":[{"start":{"line":306,"column":8},"end":{"line":306,"column":8},"skip":true},{"start":{"line":306,"column":8},"end":{"line":306,"column":8},"skip":true}]},"26":{"line":310,"type":"if","locations":[{"start":{"line":310,"column":8},"end":{"line":310,"column":8},"skip":true},{"start":{"line":310,"column":8},"end":{"line":310,"column":8},"skip":true}]},"27":{"line":313,"type":"binary-expr","locations":[{"start":{"line":313,"column":27},"end":{"line":313,"column":43},"skip":true},{"start":{"line":313,"column":47},"end":{"line":313,"column":53},"skip":true}]},"28":{"line":317,"type":"if","locations":[{"start":{"line":317,"column":12},"end":{"line":317,"column":12},"skip":true},{"start":{"line":317,"column":12},"end":{"line":317,"column":12},"skip":true}]}},"code":["/*","example.js","","quickstart example","","instruction","    1. save this script as example.js","    2. run the shell command:","        $ npm install npmtest-smartcrop && PORT=8081 node example.js","    3. play with the browser-demo on http://127.0.0.1:8081","*/","","","","/* istanbul instrument in package npmtest_smartcrop */","/*jslint","    bitwise: true,","    browser: true,","    maxerr: 8,","    maxlen: 96,","    node: true,","    nomen: true,","    regexp: true,","    stupid: true","*/","(function () {","    'use strict';","    var local;","","","","    // run shared js-env code - init-before","    (function () {","        // init local","        local = {};","        // init modeJs","        local.modeJs = (function () {","            try {","                return typeof navigator.userAgent === 'string' &&","                    typeof document.querySelector('body') === 'object' &&","                    typeof XMLHttpRequest.prototype.open === 'function' &&","                    'browser';","            } catch (errorCaughtBrowser) {","                return module.exports &&","                    typeof process.versions.node === 'string' &&","                    typeof require('http').createServer === 'function' &&","                    'node';","            }","        }());","        // init global","        local.global = local.modeJs === 'browser'","            ? window","            : global;","        // init utility2_rollup","        local = local.global.utility2_rollup || (local.modeJs === 'browser'","            ? local.global.utility2_npmtest_smartcrop","            : global.utility2_moduleExports);","        // export local","        local.global.local = local;","    }());","    switch (local.modeJs) {","","","","    // init-after","    // run browser js-env code - init-after","    /* istanbul ignore next */","    case 'browser':","        local.testRunBrowser = function (event) {","            if (!event || (event &&","                    event.currentTarget &&","                    event.currentTarget.className &&","                    event.currentTarget.className.includes &&","                    event.currentTarget.className.includes('onreset'))) {","                // reset output","                Array.from(","                    document.querySelectorAll('body > .resettable')","                ).forEach(function (element) {","                    switch (element.tagName) {","                    case 'INPUT':","                    case 'TEXTAREA':","                        element.value = '';","                        break;","                    default:","                        element.textContent = '';","                    }","                });","            }","            switch (event && event.currentTarget && event.currentTarget.id) {","            case 'testRunButton1':","                // show tests","                if (document.querySelector('#testReportDiv1').style.display === 'none') {","                    document.querySelector('#testReportDiv1').style.display = 'block';","                    document.querySelector('#testRunButton1').textContent =","                        'hide internal test';","                    local.modeTest = true;","                    local.testRunDefault(local);","                // hide tests","                } else {","                    document.querySelector('#testReportDiv1').style.display = 'none';","                    document.querySelector('#testRunButton1').textContent = 'run internal test';","                }","                break;","            // custom-case","            default:","                break;","            }","            if (document.querySelector('#inputTextareaEval1') && (!event || (event &&","                    event.currentTarget &&","                    event.currentTarget.className &&","                    event.currentTarget.className.includes &&","                    event.currentTarget.className.includes('oneval')))) {","                // try to eval input-code","                try {","                    /*jslint evil: true*/","                    eval(document.querySelector('#inputTextareaEval1').value);","                } catch (errorCaught) {","                    console.error(errorCaught);","                }","            }","        };","        // log stderr and stdout to #outputTextareaStdout1","        ['error', 'log'].forEach(function (key) {","            console[key + '_original'] = console[key];","            console[key] = function () {","                var element;","                console[key + '_original'].apply(console, arguments);","                element = document.querySelector('#outputTextareaStdout1');","                if (!element) {","                    return;","                }","                // append text to #outputTextareaStdout1","                element.value += Array.from(arguments).map(function (arg) {","                    return typeof arg === 'string'","                        ? arg","                        : JSON.stringify(arg, null, 4);","                }).join(' ') + '\\n';","                // scroll textarea to bottom","                element.scrollTop = element.scrollHeight;","            };","        });","        // init event-handling","        ['change', 'click', 'keyup'].forEach(function (event) {","            Array.from(document.querySelectorAll('.on' + event)).forEach(function (element) {","                element.addEventListener(event, local.testRunBrowser);","            });","        });","        // run tests","        local.testRunBrowser();","        break;","","","","    // run node js-env code - init-after","    /* istanbul ignore next */","    case 'node':","        // export local","        module.exports = local;","        // require modules","        local.fs = require('fs');","        local.http = require('http');","        local.url = require('url');","        // init assets","        local.assetsDict = local.assetsDict || {};","        /* jslint-ignore-begin */","        local.assetsDict['/assets.index.template.html'] = '\\","<!doctype html>\\n\\","<html lang=\"en\">\\n\\","<head>\\n\\","<meta charset=\"UTF-8\">\\n\\","<meta name=\"viewport\" content=\"width=device-width, initial-scale=1\">\\n\\","<title>{{env.npm_package_name}} (v{{env.npm_package_version}})</title>\\n\\","<style>\\n\\","/*csslint\\n\\","    box-sizing: false,\\n\\","    universal-selector: false\\n\\","*/\\n\\","* {\\n\\","    box-sizing: border-box;\\n\\","}\\n\\","body {\\n\\","    background: #dde;\\n\\","    font-family: Arial, Helvetica, sans-serif;\\n\\","    margin: 2rem;\\n\\","}\\n\\","body > * {\\n\\","    margin-bottom: 1rem;\\n\\","}\\n\\",".utility2FooterDiv {\\n\\","    margin-top: 20px;\\n\\","    text-align: center;\\n\\","}\\n\\","</style>\\n\\","<style>\\n\\","/*csslint\\n\\","*/\\n\\","textarea {\\n\\","    font-family: monospace;\\n\\","    height: 10rem;\\n\\","    width: 100%;\\n\\","}\\n\\","textarea[readonly] {\\n\\","    background: #ddd;\\n\\","}\\n\\","</style>\\n\\","</head>\\n\\","<body>\\n\\","<!-- utility2-comment\\n\\","<div id=\"ajaxProgressDiv1\" style=\"background: #d00; height: 2px; left: 0; margin: 0; padding: 0; position: fixed; top: 0; transition: background 0.5s, width 1.5s; width: 25%;\"></div>\\n\\","utility2-comment -->\\n\\","<h1>\\n\\","<!-- utility2-comment\\n\\","    <a\\n\\","        {{#if env.npm_package_homepage}}\\n\\","        href=\"{{env.npm_package_homepage}}\"\\n\\","        {{/if env.npm_package_homepage}}\\n\\","        target=\"_blank\"\\n\\","    >\\n\\","utility2-comment -->\\n\\","        {{env.npm_package_name}} (v{{env.npm_package_version}})\\n\\","<!-- utility2-comment\\n\\","    </a>\\n\\","utility2-comment -->\\n\\","</h1>\\n\\","<h3>{{env.npm_package_description}}</h3>\\n\\","<!-- utility2-comment\\n\\","<h4><a download href=\"assets.app.js\">download standalone app</a></h4>\\n\\","<button class=\"onclick onreset\" id=\"testRunButton1\">run internal test</button><br>\\n\\","<div id=\"testReportDiv1\" style=\"display: none;\"></div>\\n\\","utility2-comment -->\\n\\","\\n\\","\\n\\","\\n\\","<label>stderr and stdout</label>\\n\\","<textarea class=\"resettable\" id=\"outputTextareaStdout1\" readonly></textarea>\\n\\","<!-- utility2-comment\\n\\","{{#if isRollup}}\\n\\","<script src=\"assets.app.js\"></script>\\n\\","{{#unless isRollup}}\\n\\","utility2-comment -->\\n\\","<script src=\"assets.utility2.rollup.js\"></script>\\n\\","<script src=\"jsonp.utility2._stateInit?callback=window.utility2._stateInit\"></script>\\n\\","<script src=\"assets.npmtest_smartcrop.rollup.js\"></script>\\n\\","<script src=\"assets.example.js\"></script>\\n\\","<script src=\"assets.test.js\"></script>\\n\\","<!-- utility2-comment\\n\\","{{/if isRollup}}\\n\\","utility2-comment -->\\n\\","<div class=\"utility2FooterDiv\">\\n\\","    [ this app was created with\\n\\","    <a href=\"https://github.com/kaizhu256/node-utility2\" target=\"_blank\">utility2</a>\\n\\","    ]\\n\\","</div>\\n\\","</body>\\n\\","</html>\\n\\","';","        /* jslint-ignore-end */","        if (local.templateRender) {","            local.assetsDict['/'] = local.templateRender(","                local.assetsDict['/assets.index.template.html'],","                {","                    env: local.objectSetDefault(local.env, {","                        npm_package_description: 'the greatest app in the world!',","                        npm_package_name: 'my-app',","                        npm_package_nameAlias: 'my_app',","                        npm_package_version: '0.0.1'","                    })","                }","            );","        } else {","            local.assetsDict['/'] = local.assetsDict['/assets.index.template.html']","                .replace((/\\{\\{env\\.(\\w+?)\\}\\}/g), function (match0, match1) {","                    // jslint-hack","                    String(match0);","                    switch (match1) {","                    case 'npm_package_description':","                        return 'the greatest app in the world!';","                    case 'npm_package_name':","                        return 'my-app';","                    case 'npm_package_nameAlias':","                        return 'my_app';","                    case 'npm_package_version':","                        return '0.0.1';","                    }","                });","        }","        // run the cli","        if (local.global.utility2_rollup || module !== require.main) {","            break;","        }","        local.assetsDict['/assets.example.js'] =","            local.assetsDict['/assets.example.js'] ||","            local.fs.readFileSync(__filename, 'utf8');","        // bug-workaround - long $npm_package_buildCustomOrg","        /* jslint-ignore-begin */","        local.assetsDict['/assets.npmtest_smartcrop.rollup.js'] =","            local.assetsDict['/assets.npmtest_smartcrop.rollup.js'] ||","            local.fs.readFileSync(","                local.npmtest_smartcrop.__dirname + '/lib.npmtest_smartcrop.js',","                'utf8'","            ).replace((/^#!/), '//');","        /* jslint-ignore-end */","        local.assetsDict['/favicon.ico'] = local.assetsDict['/favicon.ico'] || '';","        // if $npm_config_timeout_exit exists,","        // then exit this process after $npm_config_timeout_exit ms","        if (Number(process.env.npm_config_timeout_exit)) {","            setTimeout(process.exit, Number(process.env.npm_config_timeout_exit));","        }","        // start server","        if (local.global.utility2_serverHttp1) {","            break;","        }","        process.env.PORT = process.env.PORT || '8081';","        console.error('server starting on port ' + process.env.PORT);","        local.http.createServer(function (request, response) {","            request.urlParsed = local.url.parse(request.url);","            if (local.assetsDict[request.urlParsed.pathname] !== undefined) {","                response.end(local.assetsDict[request.urlParsed.pathname]);","                return;","            }","            response.statusCode = 404;","            response.end();","        }).listen(process.env.PORT);","        break;","    }","}());",""],"l":{"26":2,"28":2,"33":2,"35":2,"37":2,"38":2,"39":2,"44":1,"51":2,"55":2,"59":2,"61":2,"69":1,"70":2,"76":2,"79":2,"82":2,"83":2,"85":1,"89":2,"92":1,"93":1,"94":1,"96":1,"97":1,"100":1,"101":1,"103":1,"106":1,"108":2,"114":1,"116":1,"118":1,"123":1,"124":2,"125":2,"126":3,"127":3,"128":3,"129":3,"130":1,"133":3,"134":3,"139":3,"143":1,"144":3,"145":1,"149":1,"150":1,"158":1,"160":1,"161":1,"162":1,"164":1,"166":1,"258":1,"259":1,"271":1,"274":6,"275":6,"277":1,"279":2,"281":1,"283":2,"288":1,"289":1,"291":1,"296":1,"303":1,"306":1,"307":1,"310":1,"311":1,"313":1,"314":1,"315":1,"316":1,"317":1,"318":1,"319":1,"321":1,"322":1,"324":1}},"/home/travis/build/npmtest/node-npmtest-smartcrop/node_modules/smartcrop/smartcrop.js":{"path":"/home/travis/build/npmtest/node-npmtest-smartcrop/node_modules/smartcrop/smartcrop.js","s":{"1":1,"2":1,"3":1,"4":0,"5":1,"6":1,"7":0,"8":0,"9":0,"10":0,"11":0,"12":0,"13":0,"14":0,"15":0,"16":0,"17":0,"18":0,"19":0,"20":0,"21":0,"22":0,"23":0,"24":0,"25":0,"26":0,"27":0,"28":0,"29":0,"30":0,"31":0,"32":0,"33":0,"34":0,"35":0,"36":0,"37":0,"38":0,"39":0,"40":0,"41":0,"42":0,"43":0,"44":0,"45":1,"46":0,"47":0,"48":0,"49":0,"50":0,"51":0,"52":0,"53":0,"54":1,"55":0,"56":0,"57":0,"58":0,"59":0,"60":0,"61":0,"62":0,"63":0,"64":0,"65":0,"66":0,"67":1,"68":0,"69":0,"70":0,"71":0,"72":0,"73":0,"74":0,"75":0,"76":0,"77":0,"78":0,"79":0,"80":0,"81":0,"82":1,"83":0,"84":0,"85":0,"86":0,"87":0,"88":0,"89":0,"90":0,"91":0,"92":0,"93":0,"94":0,"95":0,"96":0,"97":1,"98":0,"99":0,"100":0,"101":0,"102":0,"103":0,"104":0,"105":1,"106":0,"107":0,"108":0,"109":0,"110":0,"111":0,"112":0,"113":0,"114":0,"115":0,"116":0,"117":1,"118":0,"119":0,"120":0,"121":0,"122":0,"123":0,"124":0,"125":0,"126":0,"127":1,"128":0,"129":0,"130":0,"131":0,"132":0,"133":0,"134":0,"135":0,"136":0,"137":0,"138":0,"139":0,"140":0,"141":0,"142":0,"143":0,"144":0,"145":0,"146":1,"147":0,"148":0,"149":0,"150":0,"151":0,"152":0,"153":0,"154":0,"155":0,"156":0,"157":0,"158":0,"159":0,"160":1,"161":1,"162":0,"163":0,"164":0,"165":0,"166":0,"167":0,"168":1,"169":0,"170":0,"171":0,"172":0,"173":0,"174":0,"175":0,"176":0,"177":0,"178":0,"179":0,"180":0,"181":0,"182":0,"183":0,"184":0,"185":0,"186":0,"187":0,"188":0,"189":0,"190":0,"191":0,"192":1,"193":0,"194":0,"195":0,"196":0,"197":0,"198":1,"199":1,"200":0,"201":0,"202":0,"203":0,"204":0,"205":0,"206":0,"207":0,"208":0,"209":0,"210":0,"211":0,"212":0,"213":0,"214":0,"215":0,"216":0,"217":0,"218":0,"219":0,"220":0,"221":0,"222":0,"223":0,"224":0,"225":0,"226":0,"227":0,"228":0,"229":0,"230":0,"231":0,"232":1,"233":1,"234":0,"235":0,"236":0,"237":0,"238":1,"239":0,"240":0,"241":0,"242":0,"243":0,"244":0,"245":0,"246":0,"247":0,"248":0,"249":0,"250":0,"251":0,"252":0,"253":0,"254":0,"255":0,"256":0,"257":0,"258":0,"259":0,"260":1,"261":1,"262":1,"263":1,"264":1,"265":1,"266":1,"267":0,"268":0,"269":0,"270":0,"271":0,"272":0,"273":1,"274":0,"275":0,"276":1,"277":0,"278":1,"279":0,"280":1,"281":0,"282":0,"283":0,"284":0,"285":0,"286":0,"287":0,"288":1,"289":0,"290":0,"291":1,"292":1,"293":0,"294":0,"295":1,"296":1},"b":{"1":[1,0],"2":[0,0],"3":[0,0],"4":[0,0],"5":[0,0],"6":[0,0],"7":[0,0],"8":[0,0],"9":[0,0],"10":[0,0],"11":[0,0],"12":[0,0],"13":[0,0],"14":[0,0],"15":[0,0],"16":[0,0,0,0],"17":[0,0],"18":[0,0],"19":[0,0],"20":[0,0],"21":[0,0],"22":[0,0],"23":[0,0],"24":[0,0],"25":[0,0],"26":[0,0],"27":[0,0,0,0],"28":[0,0],"29":[0,0],"30":[0,0],"31":[0,0],"32":[0,0],"33":[0,0],"34":[0,0],"35":[0,0],"36":[0,0,0],"37":[0,0],"38":[0,0],"39":[0,0],"40":[0,1],"41":[1,0],"42":[1,0],"43":[0,0],"44":[1,0]},"f":{"1":1,"2":0,"3":0,"4":0,"5":0,"6":0,"7":0,"8":0,"9":0,"10":0,"11":0,"12":0,"13":0,"14":0,"15":0,"16":0,"17":0,"18":0,"19":0,"20":0,"21":0,"22":0,"23":0,"24":0,"25":0,"26":0,"27":0,"28":0,"29":0,"30":0,"31":0,"32":0,"33":0},"fnMap":{"1":{"name":"(anonymous_1)","line":27,"loc":{"start":{"line":27,"column":1},"end":{"line":27,"column":12}}},"2":{"name":"(anonymous_2)","line":32,"loc":{"start":{"line":32,"column":63},"end":{"line":32,"column":74}}},"3":{"name":"(anonymous_3)","line":74,"loc":{"start":{"line":74,"column":17},"end":{"line":74,"column":58}}},"4":{"name":"(anonymous_4)","line":91,"loc":{"start":{"line":91,"column":50},"end":{"line":91,"column":66}}},"5":{"name":"(anonymous_5)","line":109,"loc":{"start":{"line":109,"column":46},"end":{"line":109,"column":62}}},"6":{"name":"(anonymous_6)","line":127,"loc":{"start":{"line":127,"column":8},"end":{"line":127,"column":24}}},"7":{"name":"(anonymous_7)","line":128,"loc":{"start":{"line":128,"column":35},"end":{"line":128,"column":50}}},"8":{"name":"(anonymous_8)","line":148,"loc":{"start":{"line":148,"column":24},"end":{"line":148,"column":42}}},"9":{"name":"edgeDetect","line":163,"loc":{"start":{"line":163,"column":0},"end":{"line":163,"column":26}}},"10":{"name":"skinDetect","line":190,"loc":{"start":{"line":190,"column":0},"end":{"line":190,"column":35}}},"11":{"name":"saturationDetect","line":213,"loc":{"start":{"line":213,"column":0},"end":{"line":213,"column":41}}},"12":{"name":"applyBoosts","line":238,"loc":{"start":{"line":238,"column":0},"end":{"line":238,"column":38}}},"13":{"name":"applyBoost","line":249,"loc":{"start":{"line":249,"column":0},"end":{"line":249,"column":44}}},"14":{"name":"generateCrops","line":265,"loc":{"start":{"line":265,"column":0},"end":{"line":265,"column":47}}},"15":{"name":"score","line":285,"loc":{"start":{"line":285,"column":0},"end":{"line":285,"column":38}}},"16":{"name":"importance","line":321,"loc":{"start":{"line":321,"column":0},"end":{"line":321,"column":41}}},"17":{"name":"skinColor","line":341,"loc":{"start":{"line":341,"column":0},"end":{"line":341,"column":37}}},"18":{"name":"analyse","line":350,"loc":{"start":{"line":350,"column":0},"end":{"line":350,"column":33}}},"19":{"name":"ImgData","line":387,"loc":{"start":{"line":387,"column":0},"end":{"line":387,"column":38}}},"20":{"name":"downSample","line":399,"loc":{"start":{"line":399,"column":0},"end":{"line":399,"column":35}}},"21":{"name":"defaultCanvasFactory","line":444,"loc":{"start":{"line":444,"column":0},"end":{"line":444,"column":36}}},"22":{"name":"canvasImageOperations","line":451,"loc":{"start":{"line":451,"column":0},"end":{"line":451,"column":46}}},"23":{"name":"(anonymous_23)","line":456,"loc":{"start":{"line":456,"column":10},"end":{"line":456,"column":26}}},"24":{"name":"(anonymous_24)","line":474,"loc":{"start":{"line":474,"column":14},"end":{"line":474,"column":45}}},"25":{"name":"(anonymous_25)","line":475,"loc":{"start":{"line":475,"column":41},"end":{"line":475,"column":57}}},"26":{"name":"(anonymous_26)","line":483,"loc":{"start":{"line":483,"column":13},"end":{"line":483,"column":29}}},"27":{"name":"(anonymous_27)","line":484,"loc":{"start":{"line":484,"column":41},"end":{"line":484,"column":53}}},"28":{"name":"extend","line":501,"loc":{"start":{"line":501,"column":0},"end":{"line":501,"column":19}}},"29":{"name":"thirds","line":515,"loc":{"start":{"line":515,"column":0},"end":{"line":515,"column":19}}},"30":{"name":"cie","line":520,"loc":{"start":{"line":520,"column":0},"end":{"line":520,"column":22}}},"31":{"name":"sample","line":523,"loc":{"start":{"line":523,"column":0},"end":{"line":523,"column":23}}},"32":{"name":"saturation","line":526,"loc":{"start":{"line":526,"column":0},"end":{"line":526,"column":29}}},"33":{"name":"(anonymous_33)","line":541,"loc":{"start":{"line":541,"column":56},"end":{"line":541,"column":67}}}},"statementMap":{"1":{"start":{"line":27,"column":0},"end":{"line":550,"column":5}},"2":{"start":{"line":30,"column":0},"end":{"line":30,"column":19}},"3":{"start":{"line":32,"column":0},"end":{"line":34,"column":2}},"4":{"start":{"line":33,"column":2},"end":{"line":33,"column":71}},"5":{"start":{"line":36,"column":0},"end":{"line":70,"column":2}},"6":{"start":{"line":74,"column":0},"end":{"line":143,"column":2}},"7":{"start":{"line":75,"column":2},"end":{"line":75,"column":57}},"8":{"start":{"line":77,"column":2},"end":{"line":80,"column":3}},"9":{"start":{"line":78,"column":4},"end":{"line":78,"column":35}},"10":{"start":{"line":79,"column":4},"end":{"line":79,"column":23}},"11":{"start":{"line":82,"column":2},"end":{"line":84,"column":3}},"12":{"start":{"line":83,"column":4},"end":{"line":83,"column":75}},"13":{"start":{"line":86,"column":2},"end":{"line":86,"column":36}},"14":{"start":{"line":88,"column":2},"end":{"line":88,"column":16}},"15":{"start":{"line":89,"column":2},"end":{"line":89,"column":19}},"16":{"start":{"line":91,"column":2},"end":{"line":142,"column":5}},"17":{"start":{"line":93,"column":4},"end":{"line":124,"column":5}},"18":{"start":{"line":94,"column":6},"end":{"line":94,"column":78}},"19":{"start":{"line":95,"column":6},"end":{"line":95,"column":52}},"20":{"start":{"line":96,"column":6},"end":{"line":96,"column":54}},"21":{"start":{"line":100,"column":6},"end":{"line":100,"column":81}},"22":{"start":{"line":102,"column":6},"end":{"line":123,"column":7}},"23":{"start":{"line":103,"column":8},"end":{"line":103,"column":48}},"24":{"start":{"line":104,"column":8},"end":{"line":122,"column":9}},"25":{"start":{"line":105,"column":10},"end":{"line":105,"column":87}},"26":{"start":{"line":106,"column":10},"end":{"line":106,"column":63}},"27":{"start":{"line":107,"column":10},"end":{"line":107,"column":65}},"28":{"start":{"line":108,"column":10},"end":{"line":118,"column":11}},"29":{"start":{"line":109,"column":12},"end":{"line":117,"column":15}},"30":{"start":{"line":110,"column":14},"end":{"line":116,"column":16}},"31":{"start":{"line":121,"column":10},"end":{"line":121,"column":23}},"32":{"start":{"line":125,"column":4},"end":{"line":125,"column":17}},"33":{"start":{"line":128,"column":4},"end":{"line":141,"column":7}},"34":{"start":{"line":129,"column":6},"end":{"line":129,"column":42}},"35":{"start":{"line":131,"column":6},"end":{"line":131,"column":51}},"36":{"start":{"line":132,"column":6},"end":{"line":138,"column":7}},"37":{"start":{"line":133,"column":8},"end":{"line":133,"column":28}},"38":{"start":{"line":134,"column":8},"end":{"line":134,"column":39}},"39":{"start":{"line":135,"column":8},"end":{"line":135,"column":39}},"40":{"start":{"line":136,"column":8},"end":{"line":136,"column":47}},"41":{"start":{"line":137,"column":8},"end":{"line":137,"column":49}},"42":{"start":{"line":139,"column":6},"end":{"line":139,"column":37}},"43":{"start":{"line":139,"column":20},"end":{"line":139,"column":37}},"44":{"start":{"line":140,"column":6},"end":{"line":140,"column":20}},"45":{"start":{"line":148,"column":0},"end":{"line":161,"column":2}},"46":{"start":{"line":149,"column":2},"end":{"line":149,"column":39}},"47":{"start":{"line":149,"column":26},"end":{"line":149,"column":39}},"48":{"start":{"line":151,"column":2},"end":{"line":151,"column":77}},"49":{"start":{"line":153,"column":2},"end":{"line":158,"column":3}},"50":{"start":{"line":154,"column":4},"end":{"line":154,"column":45}},"51":{"start":{"line":155,"column":4},"end":{"line":157,"column":5}},"52":{"start":{"line":156,"column":6},"end":{"line":156,"column":19}},"53":{"start":{"line":160,"column":2},"end":{"line":160,"column":14}},"54":{"start":{"line":163,"column":0},"end":{"line":188,"column":1}},"55":{"start":{"line":164,"column":2},"end":{"line":164,"column":18}},"56":{"start":{"line":165,"column":2},"end":{"line":165,"column":18}},"57":{"start":{"line":166,"column":2},"end":{"line":166,"column":18}},"58":{"start":{"line":167,"column":2},"end":{"line":167,"column":19}},"59":{"start":{"line":169,"column":2},"end":{"line":187,"column":3}},"60":{"start":{"line":170,"column":4},"end":{"line":186,"column":5}},"61":{"start":{"line":171,"column":6},"end":{"line":171,"column":30}},"62":{"start":{"line":172,"column":6},"end":{"line":172,"column":20}},"63":{"start":{"line":174,"column":6},"end":{"line":183,"column":7}},"64":{"start":{"line":175,"column":8},"end":{"line":175,"column":34}},"65":{"start":{"line":178,"column":8},"end":{"line":182,"column":34}},"66":{"start":{"line":185,"column":6},"end":{"line":185,"column":28}},"67":{"start":{"line":190,"column":0},"end":{"line":211,"column":1}},"68":{"start":{"line":191,"column":2},"end":{"line":191,"column":18}},"69":{"start":{"line":192,"column":2},"end":{"line":192,"column":18}},"70":{"start":{"line":193,"column":2},"end":{"line":193,"column":18}},"71":{"start":{"line":194,"column":2},"end":{"line":194,"column":19}},"72":{"start":{"line":196,"column":2},"end":{"line":210,"column":3}},"73":{"start":{"line":197,"column":4},"end":{"line":209,"column":5}},"74":{"start":{"line":198,"column":6},"end":{"line":198,"column":30}},"75":{"start":{"line":199,"column":6},"end":{"line":199,"column":61}},"76":{"start":{"line":200,"column":6},"end":{"line":200,"column":65}},"77":{"start":{"line":201,"column":6},"end":{"line":201,"column":53}},"78":{"start":{"line":202,"column":6},"end":{"line":202,"column":110}},"79":{"start":{"line":203,"column":6},"end":{"line":208,"column":7}},"80":{"start":{"line":204,"column":8},"end":{"line":204,"column":85}},"81":{"start":{"line":207,"column":8},"end":{"line":207,"column":18}},"82":{"start":{"line":213,"column":0},"end":{"line":236,"column":1}},"83":{"start":{"line":214,"column":2},"end":{"line":214,"column":18}},"84":{"start":{"line":215,"column":2},"end":{"line":215,"column":18}},"85":{"start":{"line":216,"column":2},"end":{"line":216,"column":18}},"86":{"start":{"line":217,"column":2},"end":{"line":217,"column":19}},"87":{"start":{"line":218,"column":2},"end":{"line":235,"column":3}},"88":{"start":{"line":219,"column":4},"end":{"line":234,"column":5}},"89":{"start":{"line":220,"column":6},"end":{"line":220,"column":30}},"90":{"start":{"line":222,"column":6},"end":{"line":222,"column":61}},"91":{"start":{"line":223,"column":6},"end":{"line":223,"column":56}},"92":{"start":{"line":225,"column":6},"end":{"line":225,"column":67}},"93":{"start":{"line":226,"column":6},"end":{"line":227,"column":55}},"94":{"start":{"line":228,"column":6},"end":{"line":233,"column":7}},"95":{"start":{"line":229,"column":8},"end":{"line":229,"column":100}},"96":{"start":{"line":232,"column":8},"end":{"line":232,"column":22}},"97":{"start":{"line":238,"column":0},"end":{"line":247,"column":1}},"98":{"start":{"line":239,"column":2},"end":{"line":239,"column":29}},"99":{"start":{"line":239,"column":22},"end":{"line":239,"column":29}},"100":{"start":{"line":240,"column":2},"end":{"line":240,"column":23}},"101":{"start":{"line":241,"column":2},"end":{"line":243,"column":3}},"102":{"start":{"line":242,"column":4},"end":{"line":242,"column":18}},"103":{"start":{"line":244,"column":2},"end":{"line":246,"column":3}},"104":{"start":{"line":245,"column":4},"end":{"line":245,"column":50}},"105":{"start":{"line":249,"column":0},"end":{"line":263,"column":1}},"106":{"start":{"line":250,"column":2},"end":{"line":250,"column":23}},"107":{"start":{"line":251,"column":2},"end":{"line":251,"column":23}},"108":{"start":{"line":252,"column":2},"end":{"line":252,"column":21}},"109":{"start":{"line":253,"column":2},"end":{"line":253,"column":37}},"110":{"start":{"line":254,"column":2},"end":{"line":254,"column":21}},"111":{"start":{"line":255,"column":2},"end":{"line":255,"column":38}},"112":{"start":{"line":256,"column":2},"end":{"line":256,"column":34}},"113":{"start":{"line":257,"column":2},"end":{"line":262,"column":3}},"114":{"start":{"line":258,"column":4},"end":{"line":261,"column":5}},"115":{"start":{"line":259,"column":6},"end":{"line":259,"column":30}},"116":{"start":{"line":260,"column":6},"end":{"line":260,"column":26}},"117":{"start":{"line":265,"column":0},"end":{"line":283,"column":1}},"118":{"start":{"line":266,"column":2},"end":{"line":266,"column":19}},"119":{"start":{"line":267,"column":2},"end":{"line":267,"column":40}},"120":{"start":{"line":268,"column":2},"end":{"line":268,"column":52}},"121":{"start":{"line":269,"column":2},"end":{"line":269,"column":54}},"122":{"start":{"line":270,"column":2},"end":{"line":281,"column":3}},"123":{"start":{"line":271,"column":4},"end":{"line":280,"column":5}},"124":{"start":{"line":272,"column":6},"end":{"line":279,"column":7}},"125":{"start":{"line":273,"column":8},"end":{"line":278,"column":11}},"126":{"start":{"line":282,"column":2},"end":{"line":282,"column":17}},"127":{"start":{"line":285,"column":0},"end":{"line":319,"column":1}},"128":{"start":{"line":286,"column":2},"end":{"line":292,"column":4}},"129":{"start":{"line":294,"column":2},"end":{"line":294,"column":23}},"130":{"start":{"line":295,"column":2},"end":{"line":295,"column":43}},"131":{"start":{"line":296,"column":2},"end":{"line":296,"column":37}},"132":{"start":{"line":297,"column":2},"end":{"line":297,"column":58}},"133":{"start":{"line":298,"column":2},"end":{"line":298,"column":56}},"134":{"start":{"line":299,"column":2},"end":{"line":299,"column":33}},"135":{"start":{"line":301,"column":2},"end":{"line":312,"column":3}},"136":{"start":{"line":302,"column":4},"end":{"line":311,"column":5}},"137":{"start":{"line":303,"column":6},"end":{"line":303,"column":80}},"138":{"start":{"line":304,"column":6},"end":{"line":304,"column":46}},"139":{"start":{"line":305,"column":6},"end":{"line":305,"column":35}},"140":{"start":{"line":307,"column":6},"end":{"line":307,"column":67}},"141":{"start":{"line":308,"column":6},"end":{"line":308,"column":34}},"142":{"start":{"line":309,"column":6},"end":{"line":309,"column":83}},"143":{"start":{"line":310,"column":6},"end":{"line":310,"column":42}},"144":{"start":{"line":314,"column":2},"end":{"line":317,"column":83}},"145":{"start":{"line":318,"column":2},"end":{"line":318,"column":16}},"146":{"start":{"line":321,"column":0},"end":{"line":338,"column":1}},"147":{"start":{"line":322,"column":2},"end":{"line":324,"column":3}},"148":{"start":{"line":323,"column":4},"end":{"line":323,"column":37}},"149":{"start":{"line":325,"column":2},"end":{"line":325,"column":32}},"150":{"start":{"line":326,"column":2},"end":{"line":326,"column":33}},"151":{"start":{"line":327,"column":2},"end":{"line":327,"column":28}},"152":{"start":{"line":328,"column":2},"end":{"line":328,"column":28}},"153":{"start":{"line":330,"column":2},"end":{"line":330,"column":54}},"154":{"start":{"line":331,"column":2},"end":{"line":331,"column":54}},"155":{"start":{"line":332,"column":2},"end":{"line":332,"column":51}},"156":{"start":{"line":333,"column":2},"end":{"line":333,"column":41}},"157":{"start":{"line":334,"column":2},"end":{"line":336,"column":3}},"158":{"start":{"line":335,"column":4},"end":{"line":335,"column":70}},"159":{"start":{"line":337,"column":2},"end":{"line":337,"column":15}},"160":{"start":{"line":339,"column":0},"end":{"line":339,"column":34}},"161":{"start":{"line":341,"column":0},"end":{"line":348,"column":1}},"162":{"start":{"line":342,"column":2},"end":{"line":342,"column":40}},"163":{"start":{"line":343,"column":2},"end":{"line":343,"column":44}},"164":{"start":{"line":344,"column":2},"end":{"line":344,"column":44}},"165":{"start":{"line":345,"column":2},"end":{"line":345,"column":44}},"166":{"start":{"line":346,"column":2},"end":{"line":346,"column":44}},"167":{"start":{"line":347,"column":2},"end":{"line":347,"column":15}},"168":{"start":{"line":350,"column":0},"end":{"line":385,"column":1}},"169":{"start":{"line":351,"column":2},"end":{"line":351,"column":18}},"170":{"start":{"line":352,"column":2},"end":{"line":352,"column":54}},"171":{"start":{"line":354,"column":2},"end":{"line":354,"column":28}},"172":{"start":{"line":355,"column":2},"end":{"line":355,"column":37}},"173":{"start":{"line":356,"column":2},"end":{"line":356,"column":43}},"174":{"start":{"line":357,"column":2},"end":{"line":357,"column":31}},"175":{"start":{"line":359,"column":2},"end":{"line":359,"column":64}},"176":{"start":{"line":361,"column":2},"end":{"line":361,"column":27}},"177":{"start":{"line":362,"column":2},"end":{"line":362,"column":21}},"178":{"start":{"line":363,"column":2},"end":{"line":363,"column":64}},"179":{"start":{"line":365,"column":2},"end":{"line":373,"column":3}},"180":{"start":{"line":366,"column":4},"end":{"line":366,"column":24}},"181":{"start":{"line":367,"column":4},"end":{"line":367,"column":51}},"182":{"start":{"line":368,"column":4},"end":{"line":371,"column":5}},"183":{"start":{"line":369,"column":6},"end":{"line":369,"column":21}},"184":{"start":{"line":370,"column":6},"end":{"line":370,"column":34}},"185":{"start":{"line":375,"column":2},"end":{"line":375,"column":27}},"186":{"start":{"line":377,"column":2},"end":{"line":383,"column":3}},"187":{"start":{"line":378,"column":4},"end":{"line":378,"column":25}},"188":{"start":{"line":379,"column":4},"end":{"line":379,"column":32}},"189":{"start":{"line":380,"column":4},"end":{"line":380,"column":34}},"190":{"start":{"line":382,"column":4},"end":{"line":382,"column":53}},"191":{"start":{"line":384,"column":2},"end":{"line":384,"column":16}},"192":{"start":{"line":387,"column":0},"end":{"line":396,"column":1}},"193":{"start":{"line":388,"column":2},"end":{"line":388,"column":21}},"194":{"start":{"line":389,"column":2},"end":{"line":389,"column":23}},"195":{"start":{"line":390,"column":2},"end":{"line":395,"column":3}},"196":{"start":{"line":391,"column":4},"end":{"line":391,"column":44}},"197":{"start":{"line":394,"column":4},"end":{"line":394,"column":58}},"198":{"start":{"line":397,"column":0},"end":{"line":397,"column":28}},"199":{"start":{"line":399,"column":0},"end":{"line":441,"column":1}},"200":{"start":{"line":400,"column":2},"end":{"line":400,"column":25}},"201":{"start":{"line":401,"column":2},"end":{"line":401,"column":27}},"202":{"start":{"line":402,"column":2},"end":{"line":402,"column":47}},"203":{"start":{"line":403,"column":2},"end":{"line":403,"column":49}},"204":{"start":{"line":404,"column":2},"end":{"line":404,"column":42}},"205":{"start":{"line":405,"column":2},"end":{"line":405,"column":25}},"206":{"start":{"line":406,"column":2},"end":{"line":406,"column":39}},"207":{"start":{"line":407,"column":2},"end":{"line":439,"column":3}},"208":{"start":{"line":408,"column":4},"end":{"line":438,"column":5}},"209":{"start":{"line":409,"column":6},"end":{"line":409,"column":34}},"210":{"start":{"line":411,"column":6},"end":{"line":411,"column":16}},"211":{"start":{"line":412,"column":6},"end":{"line":412,"column":16}},"212":{"start":{"line":413,"column":6},"end":{"line":413,"column":16}},"213":{"start":{"line":414,"column":6},"end":{"line":414,"column":16}},"214":{"start":{"line":416,"column":6},"end":{"line":416,"column":17}},"215":{"start":{"line":417,"column":6},"end":{"line":417,"column":17}},"216":{"start":{"line":418,"column":6},"end":{"line":418,"column":17}},"217":{"start":{"line":420,"column":6},"end":{"line":431,"column":7}},"218":{"start":{"line":421,"column":8},"end":{"line":430,"column":9}},"219":{"start":{"line":422,"column":10},"end":{"line":422,"column":69}},"220":{"start":{"line":423,"column":10},"end":{"line":423,"column":24}},"221":{"start":{"line":424,"column":10},"end":{"line":424,"column":28}},"222":{"start":{"line":425,"column":10},"end":{"line":425,"column":28}},"223":{"start":{"line":426,"column":10},"end":{"line":426,"column":28}},"224":{"start":{"line":427,"column":10},"end":{"line":427,"column":38}},"225":{"start":{"line":428,"column":10},"end":{"line":428,"column":42}},"226":{"start":{"line":429,"column":10},"end":{"line":429,"column":42}},"227":{"start":{"line":434,"column":6},"end":{"line":434,"column":46}},"228":{"start":{"line":435,"column":6},"end":{"line":435,"column":50}},"229":{"start":{"line":436,"column":6},"end":{"line":436,"column":33}},"230":{"start":{"line":437,"column":6},"end":{"line":437,"column":33}},"231":{"start":{"line":440,"column":2},"end":{"line":440,"column":16}},"232":{"start":{"line":442,"column":0},"end":{"line":442,"column":35}},"233":{"start":{"line":444,"column":0},"end":{"line":449,"column":1}},"234":{"start":{"line":445,"column":2},"end":{"line":445,"column":43}},"235":{"start":{"line":446,"column":2},"end":{"line":446,"column":14}},"236":{"start":{"line":447,"column":2},"end":{"line":447,"column":15}},"237":{"start":{"line":448,"column":2},"end":{"line":448,"column":11}},"238":{"start":{"line":451,"column":0},"end":{"line":491,"column":1}},"239":{"start":{"line":452,"column":2},"end":{"line":490,"column":4}},"240":{"start":{"line":458,"column":6},"end":{"line":458,"column":48}},"241":{"start":{"line":459,"column":6},"end":{"line":459,"column":50}},"242":{"start":{"line":460,"column":6},"end":{"line":460,"column":34}},"243":{"start":{"line":461,"column":6},"end":{"line":461,"column":35}},"244":{"start":{"line":462,"column":6},"end":{"line":469,"column":7}},"245":{"start":{"line":463,"column":8},"end":{"line":463,"column":37}},"246":{"start":{"line":464,"column":8},"end":{"line":464,"column":39}},"247":{"start":{"line":467,"column":8},"end":{"line":467,"column":30}},"248":{"start":{"line":468,"column":8},"end":{"line":468,"column":32}},"249":{"start":{"line":470,"column":6},"end":{"line":470,"column":33}},"250":{"start":{"line":471,"column":6},"end":{"line":471,"column":42}},"251":{"start":{"line":475,"column":6},"end":{"line":481,"column":9}},"252":{"start":{"line":476,"column":8},"end":{"line":476,"column":49}},"253":{"start":{"line":477,"column":8},"end":{"line":477,"column":37}},"254":{"start":{"line":479,"column":8},"end":{"line":479,"column":87}},"255":{"start":{"line":480,"column":8},"end":{"line":480,"column":44}},"256":{"start":{"line":484,"column":6},"end":{"line":488,"column":9}},"257":{"start":{"line":485,"column":8},"end":{"line":485,"column":37}},"258":{"start":{"line":486,"column":8},"end":{"line":486,"column":59}},"259":{"start":{"line":487,"column":8},"end":{"line":487,"column":55}},"260":{"start":{"line":492,"column":0},"end":{"line":492,"column":57}},"261":{"start":{"line":495,"column":0},"end":{"line":495,"column":19}},"262":{"start":{"line":496,"column":0},"end":{"line":496,"column":19}},"263":{"start":{"line":497,"column":0},"end":{"line":497,"column":19}},"264":{"start":{"line":498,"column":0},"end":{"line":498,"column":21}},"265":{"start":{"line":499,"column":0},"end":{"line":499,"column":21}},"266":{"start":{"line":501,"column":0},"end":{"line":511,"column":1}},"267":{"start":{"line":502,"column":2},"end":{"line":509,"column":3}},"268":{"start":{"line":503,"column":4},"end":{"line":503,"column":27}},"269":{"start":{"line":504,"column":4},"end":{"line":508,"column":5}},"270":{"start":{"line":505,"column":6},"end":{"line":507,"column":7}},"271":{"start":{"line":506,"column":8},"end":{"line":506,"column":28}},"272":{"start":{"line":510,"column":2},"end":{"line":510,"column":11}},"273":{"start":{"line":515,"column":0},"end":{"line":518,"column":1}},"274":{"start":{"line":516,"column":2},"end":{"line":516,"column":51}},"275":{"start":{"line":517,"column":2},"end":{"line":517,"column":36}},"276":{"start":{"line":520,"column":0},"end":{"line":522,"column":1}},"277":{"start":{"line":521,"column":2},"end":{"line":521,"column":46}},"278":{"start":{"line":523,"column":0},"end":{"line":525,"column":1}},"279":{"start":{"line":524,"column":2},"end":{"line":524,"column":42}},"280":{"start":{"line":526,"column":0},"end":{"line":538,"column":1}},"281":{"start":{"line":527,"column":2},"end":{"line":527,"column":47}},"282":{"start":{"line":528,"column":2},"end":{"line":528,"column":47}},"283":{"start":{"line":530,"column":2},"end":{"line":532,"column":3}},"284":{"start":{"line":531,"column":4},"end":{"line":531,"column":13}},"285":{"start":{"line":534,"column":2},"end":{"line":534,"column":34}},"286":{"start":{"line":535,"column":2},"end":{"line":535,"column":28}},"287":{"start":{"line":537,"column":2},"end":{"line":537,"column":73}},"288":{"start":{"line":541,"column":0},"end":{"line":541,"column":88}},"289":{"start":{"line":541,"column":49},"end":{"line":541,"column":88}},"290":{"start":{"line":541,"column":68},"end":{"line":541,"column":85}},"291":{"start":{"line":543,"column":0},"end":{"line":545,"column":91}},"292":{"start":{"line":543,"column":36},"end":{"line":543,"column":66}},"293":{"start":{"line":545,"column":5},"end":{"line":545,"column":91}},"294":{"start":{"line":545,"column":43},"end":{"line":545,"column":91}},"295":{"start":{"line":547,"column":0},"end":{"line":549,"column":1}},"296":{"start":{"line":548,"column":2},"end":{"line":548,"column":29}}},"branchMap":{"1":{"line":32,"type":"cond-expr","locations":[{"start":{"line":32,"column":53},"end":{"line":32,"column":60}},{"start":{"line":32,"column":63},"end":{"line":34,"column":1}}]},"2":{"line":77,"type":"if","locations":[{"start":{"line":77,"column":2},"end":{"line":77,"column":2}},{"start":{"line":77,"column":2},"end":{"line":77,"column":2}}]},"3":{"line":82,"type":"if","locations":[{"start":{"line":82,"column":2},"end":{"line":82,"column":2}},{"start":{"line":82,"column":2},"end":{"line":82,"column":2}}]},"4":{"line":93,"type":"if","locations":[{"start":{"line":93,"column":4},"end":{"line":93,"column":4}},{"start":{"line":93,"column":4},"end":{"line":93,"column":4}}]},"5":{"line":93,"type":"binary-expr","locations":[{"start":{"line":93,"column":8},"end":{"line":93,"column":21}},{"start":{"line":93,"column":25},"end":{"line":93,"column":39}}]},"6":{"line":102,"type":"if","locations":[{"start":{"line":102,"column":6},"end":{"line":102,"column":6}},{"start":{"line":102,"column":6},"end":{"line":102,"column":6}}]},"7":{"line":104,"type":"if","locations":[{"start":{"line":104,"column":8},"end":{"line":104,"column":8}},{"start":{"line":104,"column":8},"end":{"line":104,"column":8}}]},"8":{"line":108,"type":"if","locations":[{"start":{"line":108,"column":10},"end":{"line":108,"column":10}},{"start":{"line":108,"column":10},"end":{"line":108,"column":10}}]},"9":{"line":131,"type":"binary-expr","locations":[{"start":{"line":131,"column":18},"end":{"line":131,"column":30}},{"start":{"line":131,"column":34},"end":{"line":131,"column":50}}]},"10":{"line":139,"type":"if","locations":[{"start":{"line":139,"column":6},"end":{"line":139,"column":6}},{"start":{"line":139,"column":6},"end":{"line":139,"column":6}}]},"11":{"line":149,"type":"if","locations":[{"start":{"line":149,"column":2},"end":{"line":149,"column":2}},{"start":{"line":149,"column":2},"end":{"line":149,"column":2}}]},"12":{"line":151,"type":"cond-expr","locations":[{"start":{"line":151,"column":32},"end":{"line":151,"column":53}},{"start":{"line":151,"column":56},"end":{"line":151,"column":76}}]},"13":{"line":153,"type":"if","locations":[{"start":{"line":153,"column":2},"end":{"line":153,"column":2}},{"start":{"line":153,"column":2},"end":{"line":153,"column":2}}]},"14":{"line":155,"type":"if","
[...]
"locations":[{"start":{"line":543,"column":0},"end":{"line":543,"column":0}},{"start":{"line":543,"column":0},"end":{"line":543,"column":0}}]},"43":{"line":545,"type":"if","locations":[{"start":{"line":545,"column":5},"end":{"line":545,"column":5}},{"start":{"line":545,"column":5},"end":{"line":545,"column":5}}]},"44":{"line":547,"type":"if","locations":[{"start":{"line":547,"column":0},"end":{"line":547,"column":0}},{"start":{"line":547,"column":0},"end":{"line":547,"column":0}}]}},"code":["/**"," * smartcrop.js"," * A javascript library implementing content aware image cropping"," *"," * Copyright (C) 2016 Jonas Wagner"," *"," * Permission is hereby granted, free of charge, to any person obtaining"," * a copy of this software and associated documentation files (the"," * \"Software\"), to deal in the Software without restriction, including"," * without limitation the rights to use, copy, modify, merge, publish,"," * distribute, sublicense, and/or sell copies of the Software, and to"," * permit persons to whom the Software is furnished to do so, subject to"," * the following conditions:"," *"," * The above copyright notice and this permission notice shall be"," * included in all copies or substantial portions of the Software."," *"," * THE SOFTWARE IS PROVIDED \"AS IS\", WITHOUT WARRANTY OF ANY KIND,"," * EXPRESS OR IMPLIED, INCLUDING BUT NOT LIMITED TO THE WARRANTIES OF"," * MERCHANTABILITY, FITNESS FOR A PARTICULAR PURPOSE AND"," * NONINFRINGEMENT. IN NO EVENT SHALL THE AUTHORS OR COPYRIGHT HOLDERS BE"," * LIABLE FOR ANY CLAIM, DAMAGES OR OTHER LIABILITY, WHETHER IN AN ACTION"," * OF CONTRACT, TORT OR OTHERWISE, ARISING FROM, OUT OF OR IN CONNECTION"," * WITH THE SOFTWARE OR THE USE OR OTHER DEALINGS IN THE SOFTWARE."," */","","(function() {","'use strict';","","var smartcrop = {};","// Promise implementation to use","smartcrop.Promise = typeof Promise !== 'undefined' ? Promise : function() {","  throw new Error('No native promises and smartcrop.Promise not set.');","};","","smartcrop.DEFAULTS = {","  width: 0,","  height: 0,","  aspect: 0,","  cropWidth: 0,","  cropHeight: 0,","  detailWeight: 0.2,","  skinColor: [0.78, 0.57, 0.44],","  skinBias: 0.01,","  skinBrightnessMin: 0.2,","  skinBrightnessMax: 1.0,","  skinThreshold: 0.8,","  skinWeight: 1.8,","  saturationBrightnessMin: 0.05,","  saturationBrightnessMax: 0.9,","  saturationThreshold: 0.4,","  saturationBias: 0.2,","  saturationWeight: 0.3,","  // Step * minscale rounded down to the next power of two should be good","  scoreDownSample: 8,","  step: 8,","  scaleStep: 0.1,","  minScale: 1.0,","  maxScale: 1.0,","  edgeRadius: 0.4,","  edgeWeight: -20.0,","  outsideImportance: -0.5,","  boostWeight: 100.0,","  ruleOfThirds: true,","  prescale: true,","  imageOperations: null,","  canvasFactory: defaultCanvasFactory,","  // Factory: defaultFactories,","  debug: false,","};","","","","smartcrop.crop = function(inputImage, options_, callback) {","  var options = extend({}, smartcrop.DEFAULTS, options_);","","  if (options.aspect) {","    options.width = options.aspect;","    options.height = 1;","  }","","  if (options.imageOperations === null) {","    options.imageOperations = canvasImageOperations(options.canvasFactory);","  }","","  var iop = options.imageOperations;","","  var scale = 1;","  var prescale = 1;","","  return iop.open(inputImage, options.input).then(function(image) {","","    if (options.width && options.height) {","      scale = min(image.width / options.width, image.height / options.height);","      options.cropWidth = ~~(options.width * scale);","      options.cropHeight = ~~(options.height * scale);","      // Img = 100x100, width = 95x95, scale = 100/95, 1/scale > min","      // don't set minscale smaller than 1/scale","      // -> don't pick crops that need upscaling","      options.minScale = min(options.maxScale, max(1 / scale, options.minScale));","","      if (options.prescale !== false) {","        prescale = 1 / scale / options.minScale;","        if (prescale < 1) {","          image = iop.resample(image, image.width * prescale, image.height * prescale);","          options.cropWidth = ~~(options.cropWidth * prescale);","          options.cropHeight = ~~(options.cropHeight * prescale);","          if (options.boost) {","            options.boost = options.boost.map(function(boost) {","              return {","                x: ~~(boost.x * prescale),","                y: ~~(boost.y * prescale),","                width: ~~(boost.width * prescale),","                height: ~~(boost.height * prescale),","                weight: boost.weight","              };","            });","          }","        }","        else {","          prescale = 1;","        }","      }","    }","    return image;","  })","  .then(function(image) {","    return iop.getData(image).then(function(data) {","      var result = analyse(options, data);","","      var crops = result.crops || [result.topCrop];","      for (var i = 0, iLen = crops.length; i < iLen; i++) {","        var crop = crops[i];","        crop.x = ~~(crop.x / prescale);","        crop.y = ~~(crop.y / prescale);","        crop.width = ~~(crop.width / prescale);","        crop.height = ~~(crop.height / prescale);","      }","      if (callback) callback(result);","      return result;","    });","  });","};","","","// Check if all the dependencies are there","// todo:","smartcrop.isAvailable = function(options) {","  if (!smartcrop.Promise) return false;","","  var canvasFactory = options ? options.canvasFactory : defaultCanvasFactory;","","  if (canvasFactory === defaultCanvasFactory) {","    var c = document.createElement('canvas');","    if (!c.getContext('2d')) {","      return false;","    }","  }","","  return true;","};","","function edgeDetect(i, o) {","  var id = i.data;","  var od = o.data;","  var w = i.width;","  var h = i.height;","","  for (var y = 0; y < h; y++) {","    for (var x = 0; x < w; x++) {","      var p = (y * w + x) * 4;","      var lightness;","","      if (x === 0 || x >= w - 1 || y === 0 || y >= h - 1) {","        lightness = sample(id, p);","      }","      else {","        lightness = sample(id, p) * 4 -","            sample(id, p - w * 4) -","            sample(id, p - 4) -","            sample(id, p + 4) -","            sample(id, p + w * 4);","      }","","      od[p + 1] = lightness;","    }","  }","}","","function skinDetect(options, i, o) {","  var id = i.data;","  var od = o.data;","  var w = i.width;","  var h = i.height;","","  for (var y = 0; y < h; y++) {","    for (var x = 0; x < w; x++) {","      var p = (y * w + x) * 4;","      var lightness = cie(id[p], id[p + 1], id[p + 2]) / 255;","      var skin = skinColor(options, id[p], id[p + 1], id[p + 2]);","      var isSkinColor = skin > options.skinThreshold;","      var isSkinBrightness = lightness >= options.skinBrightnessMin && lightness <= options.skinBrightnessMax;","      if (isSkinColor && isSkinBrightness) {","        od[p] = (skin - options.skinThreshold) * (255 / (1 - options.skinThreshold));","      }","      else {","        od[p] = 0;","      }","    }","  }","}","","function saturationDetect(options, i, o) {","  var id = i.data;","  var od = o.data;","  var w = i.width;","  var h = i.height;","  for (var y = 0; y < h; y++) {","    for (var x = 0; x < w; x++) {","      var p = (y * w + x) * 4;","","      var lightness = cie(id[p], id[p + 1], id[p + 2]) / 255;","      var sat = saturation(id[p], id[p + 1], id[p + 2]);","","      var acceptableSaturation = sat > options.saturationThreshold;","      var acceptableLightness = lightness >= options.saturationBrightnessMin &&","          lightness <= options.saturationBrightnessMax;","      if (acceptableLightness && acceptableLightness) {","        od[p + 2] = (sat - options.saturationThreshold) * (255 / (1 - options.saturationThreshold));","      }","      else {","        od[p + 2] = 0;","      }","    }","  }","}","","function applyBoosts(options, output) {","  if (!options.boost) return;","  var od = output.data;","  for (var i = 0; i < output.width; i += 4) {","    od[i + 3] = 0;","  }","  for (i = 0; i < options.boost.length; i++) {","    applyBoost(options.boost[i], options, output);","  }","}","","function applyBoost(boost, options, output) {","  var od = output.data;","  var w = output.width;","  var x0 = ~~boost.x;","  var x1 = ~~(boost.x + boost.width);","  var y0 = ~~boost.y;","  var y1 = ~~(boost.y + boost.height);","  var weight = boost.weight * 255;","  for (var y = y0; y < y1; y++) {","    for (var x = x0; x < x1; x++) {","      var i = (y * w + x) * 4;","      od[i + 3] += weight;","    }","  }","}","","function generateCrops(options, width, height) {","  var results = [];","  var minDimension = min(width, height);","  var cropWidth = options.cropWidth || minDimension;","  var cropHeight = options.cropHeight || minDimension;","  for (var scale = options.maxScale; scale >= options.minScale; scale -= options.scaleStep) {","    for (var y = 0; y + cropHeight * scale <= height; y += options.step) {","      for (var x = 0; x + cropWidth * scale <= width; x += options.step) {","        results.push({","          x: x,","          y: y,","          width: cropWidth * scale,","          height: cropHeight * scale,","        });","      }","    }","  }","  return results;","}","","function score(options, output, crop) {","  var result = {","    detail: 0,","    saturation: 0,","    skin: 0,","    boost: 0,","    total: 0,","  };","","  var od = output.data;","  var downSample = options.scoreDownSample;","  var invDownSample = 1 / downSample;","  var outputHeightDownSample = output.height * downSample;","  var outputWidthDownSample = output.width * downSample;","  var outputWidth = output.width;","","  for (var y = 0; y < outputHeightDownSample; y += downSample) {","    for (var x = 0; x < outputWidthDownSample; x += downSample) {","      var p = (~~(y * invDownSample) * outputWidth + ~~(x * invDownSample)) * 4;","      var i = importance(options, crop, x, y);","      var detail = od[p + 1] / 255;","","      result.skin += od[p] / 255 * (detail + options.skinBias) * i;","      result.detail += detail * i;","      result.saturation += od[p + 2] / 255 * (detail + options.saturationBias) * i;","      result.boost += od[p + 3] / 255 * i;","    }","  }","","  result.total = (result.detail * options.detailWeight +","                  result.skin * options.skinWeight +","                  result.saturation * options.saturationWeight +","                  result.boost * options.boostWeight) / (crop.width * crop.height);","  return result;","}","","function importance(options, crop, x, y) {","  if (crop.x > x || x >= crop.x + crop.width || crop.y > y || y >= crop.y + crop.height) {","    return options.outsideImportance;","  }","  x = (x - crop.x) / crop.width;","  y = (y - crop.y) / crop.height;","  var px = abs(0.5 - x) * 2;","  var py = abs(0.5 - y) * 2;","  // Distance from edge","  var dx = Math.max(px - 1.0 + options.edgeRadius, 0);","  var dy = Math.max(py - 1.0 + options.edgeRadius, 0);","  var d = (dx * dx + dy * dy) * options.edgeWeight;","  var s = 1.41 - sqrt(px * px + py * py);","  if (options.ruleOfThirds) {","    s += (Math.max(0, s + d + 0.5) * 1.2) * (thirds(px) + thirds(py));","  }","  return s + d;","}","smartcrop.importance = importance;","","function skinColor(options, r, g, b) {","  var mag = sqrt(r * r + g * g + b * b);","  var rd = (r / mag - options.skinColor[0]);","  var gd = (g / mag - options.skinColor[1]);","  var bd = (b / mag - options.skinColor[2]);","  var d = sqrt(rd * rd + gd * gd + bd * bd);","  return 1 - d;","}","","function analyse(options, input) {","  var result = {};","  var output = new ImgData(input.width, input.height);","","  edgeDetect(input, output);","  skinDetect(options, input, output);","  saturationDetect(options, input, output);","  applyBoosts(options, output);","","  var scoreOutput = downSample(output, options.scoreDownSample);","","  var topScore = -Infinity;","  var topCrop = null;","  var crops = generateCrops(options, input.width, input.height);","","  for (var i = 0, iLen = crops.length; i < iLen; i++) {","    var crop = crops[i];","    crop.score = score(options, scoreOutput, crop);","    if (crop.score.total > topScore) {","      topCrop = crop;","      topScore = crop.score.total;","    }","","  }","","  result.topCrop = topCrop;","","  if (options.debug && topCrop) {","    result.crops = crops;","    result.debugOutput = output;","    result.debugOptions = options;","    // Create a copy which will not be adjusted by the post scaling of smartcrop.crop","    result.debugTopCrop = extend({}, result.topCrop);","  }","  return result;","}","","function ImgData(width, height, data) {","  this.width = width;","  this.height = height;","  if (data) {","    this.data = new Uint8ClampedArray(data);","  }","  else {","    this.data = new Uint8ClampedArray(width * height * 4);","  }","}","smartcrop.ImgData = ImgData;","","function downSample(input, factor) {","  var idata = input.data;","  var iwidth = input.width;","  var width = Math.floor(input.width / factor);","  var height = Math.floor(input.height / factor);","  var output = new ImgData(width, height);","  var data = output.data;","  var ifactor2 = 1 / (factor * factor);","  for (var y = 0; y < height; y++) {","    for (var x = 0; x < width; x++) {","      var i = (y * width + x) * 4;","","      var r = 0;","      var g = 0;","      var b = 0;","      var a = 0;","","      var mr = 0;","      var mg = 0;","      var mb = 0;","","      for (var v = 0; v < factor; v++) {","        for (var u = 0; u < factor; u++) {","          var j = ((y * factor + v) * iwidth + (x * factor + u)) * 4;","          r += idata[j];","          g += idata[j + 1];","          b += idata[j + 2];","          a += idata[j + 3];","          mr = Math.max(mr, idata[j]);","          mg = Math.max(mg, idata[j + 1]);","          mb = Math.max(mb, idata[j + 2]);","        }","      }","      // this is some funky magic to preserve detail a bit more for","      // skin (r) and detail (g). Saturation (b) does not get this boost.","      data[i] = r * ifactor2 * 0.5 + mr * 0.5;","      data[i + 1] = g * ifactor2 * 0.7 + mg * 0.3;","      data[i + 2] = b * ifactor2;","      data[i + 3] = a * ifactor2;","    }","  }","  return output;","}","smartcrop._downSample = downSample;","","function defaultCanvasFactory(w, h) {","  var c = document.createElement('canvas');","  c.width = w;","  c.height = h;","  return c;","}","","function canvasImageOperations(canvasFactory) {","  return {","    // Takes imageInput as argument","    // returns an object which has at least","    // {width: n, height: n}","    open: function(image) {","      // Work around images scaled in css by drawing them onto a canvas","      var w = image.naturalWidth || image.width;","      var h = image.naturalHeight || image.height;","      var c = canvasFactory(w, h);","      var ctx = c.getContext('2d');","      if (image.naturalWidth && (image.naturalWidth != image.width || image.naturalHeight != image.height)) {","        c.width = image.naturalWidth;","        c.height = image.naturalHeight;","      }","      else {","        c.width = image.width;","        c.height = image.height;","      }","      ctx.drawImage(image, 0, 0);","      return smartcrop.Promise.resolve(c);","    },","    // Takes an image (as returned by open), and changes it's size by resampling","    resample: function(image, width, height) {","      return Promise.resolve(image).then(function(image) {","        var c = canvasFactory(~~width, ~~height);","        var ctx = c.getContext('2d');","","        ctx.drawImage(image, 0, 0, image.width, image.height, 0, 0, c.width, c.height);","        return smartcrop.Promise.resolve(c);","      });","    },","    getData: function(image) {","      return Promise.resolve(image).then(function(c) {","        var ctx = c.getContext('2d');","        var id = ctx.getImageData(0, 0, c.width, c.height);","        return new ImgData(c.width, c.height, id.data);","      });","    },","  };","}","smartcrop._canvasImageOperations = canvasImageOperations;","","// Aliases and helpers","var min = Math.min;","var max = Math.max;","var abs = Math.abs;","var ceil = Math.ceil;","var sqrt = Math.sqrt;","","function extend(o) {","  for (var i = 1, iLen = arguments.length; i < iLen; i++) {","    var arg = arguments[i];","    if (arg) {","      for (var name in arg) {","        o[name] = arg[name];","      }","    }","  }","  return o;","}","","// Gets value in the range of [0, 1] where 0 is the center of the pictures","// returns weight of rule of thirds [0, 1]","function thirds(x) {","  x = ((x - (1 / 3) + 1.0) % 2.0 * 0.5 - 0.5) * 16;","  return Math.max(1.0 - x * x, 0.0);","}","","function cie(r, g, b) {","  return 0.5126 * b + 0.7152 * g + 0.0722 * r;","}","function sample(id, p) {","  return cie(id[p], id[p + 1], id[p + 2]);","}","function saturation(r, g, b) {","  var maximum = max(r / 255, g / 255, b / 255);","  var minumum = min(r / 255, g / 255, b / 255);","","  if (maximum === minumum) {","    return 0;","  }","","  var l = (maximum + minumum) / 2;","  var d = maximum - minumum;","","  return l > 0.5 ? d / (2 - maximum - minumum) : d / (maximum + minumum);","}","","// Amd","if (typeof define !== 'undefined' && define.amd) define(function() {return smartcrop;});","// Common js","if (typeof exports !== 'undefined') exports.smartcrop = smartcrop;","// Browser","else if (typeof navigator !== 'undefined') window.SmartCrop = window.smartcrop = smartcrop;","// Nodejs","if (typeof module !== 'undefined') {","  module.exports = smartcrop;","}","})();",""],"l":{"27":1,"30":1,"32":1,"33":0,"36":1,"74":1,"75":0,"77":0,"78":0,"79":0,"82":0,"83":0,"86":0,"88":0,"89":0,"91":0,"93":0,"94":0,"95":0,"96":0,"100":0,"102":0,"103":0,"104":0,"105":0,"106":0,"107":0,"108":0,"109":0,"110":0,"121":0,"125":0,"128":0,"129":0,"131":0,"132":0,"133":0,"134":0,"135":0,"136":0,"137":0,"139":0,"140":0,"148":1,"149":0,"151":0,"153":0,"154":0,"155":0,"156":0,"160":0,"163":1,"164":0,"165":0,"166":0,"167":0,"169":0,"170":0,"171":0,"172":0,"174":0,"175":0,"178":0,"185":0,"190":1,"191":0,"192":0,"193":0,"194":0,"196":0,"197":0,"198":0,"199":0,"200":0,"201":0,"202":0,"203":0,"204":0,"207":0,"213":1,"214":0,"215":0,"216":0,"217":0,"218":0,"219":0,"220":0,"222":0,"223":0,"225":0,"226":0,"228":0,"229":0,"232":0,"238":1,"239":0,"240":0,"241":0,"242":0,"244":0,"245":0,"249":1,"250":0,"251":0,"252":0,"253":0,"254":0,"255":0,"256":0,"257":0,"258":0,"259":0,"260":0,"265":1,"266":0,"267":0,"268":0,"269":0,"270":0,"271":0,"272":0,"273":0,"282":0,"285":1,"286":0,"294":0,"295":0,"296":0,"297":0,"298":0,"299":0,"301":0,"302":0,"303":0,"304":0,"305":0,"307":0,"308":0,"309":0,"310":0,"314":0,"318":0,"321":1,"322":0,"323":0,"325":0,"326":0,"327":0,"328":0,"330":0,"331":0,"332":0,"333":0,"334":0,"335":0,"337":0,"339":1,"341":1,"342":0,"343":0,"344":0,"345":0,"346":0,"347":0,"350":1,"351":0,"352":0,"354":0,"355":0,"356":0,"357":0,"359":0,"361":0,"362":0,"363":0,"365":0,"366":0,"367":0,"368":0,"369":0,"370":0,"375":0,"377":0,"378":0,"379":0,"380":0,"382":0,"384":0,"387":1,"388":0,"389":0,"390":0,"391":0,"394":0,"397":1,"399":1,"400":0,"401":0,"402":0,"403":0,"404":0,"405":0,"406":0,"407":0,"408":0,"409":0,"411":0,"412":0,"413":0,"414":0,"416":0,"417":0,"418":0,"420":0,"421":0,"422":0,"423":0,"424":0,"425":0,"426":0,"427":0,"428":0,"429":0,"434":0,"435":0,"436":0,"437":0,"440":0,"442":1,"444":1,"445":0,"446":0,"447":0,"448":0,"451":1,"452":0,"458":0,"459":0,"460":0,"461":0,"462":0,"463":0,"464":0,"467":0,"468":0,"470":0,"471":0,"475":0,"476":0,"477":0,"479":0,"480":0,"484":0,"485":0,"486":0,"487":0,"492":1,"495":1,"496":1,"497":1,"498":1,"499":1,"501":1,"502":0,"503":0,"504":0,"505":0,"506":0,"510":0,"515":1,"516":0,"517":0,"520":1,"521":0,"523":1,"524":0,"526":1,"527":0,"528":0,"530":0,"531":0,"534":0,"535":0,"537":0,"541":1,"543":1,"545":0,"547":1,"548":1}}}